Arguments: 
  C:\Program Files\nodejs\node.exe C:\Program Files (x86)\Yarn\bin\yarn.js add --dev webpack-client

PATH: 
  C:\Program Files (x86)\Common Files\Oracle\Java\javapath;C:\Windows\system32;C:\Windows;C:\Windows\System32\Wbem;C:\Windows\System32\WindowsPowerShell\v1.0\;C:\Windows\System32\OpenSSH\;C:\Program Files\Git\cmd;C:\Program Files\nodejs\;C:\Program Files (x86)\Yarn\bin\;C:\Program Files (x86)\mingw-w64\i686-8.1.0-posix-dwarf-rt_v6-rev0\mingw32\bin;C:\Users\exube\AppData\Local\Programs\Python\Python37-32\Scripts\;C:\Users\exube\AppData\Local\Programs\Python\Python37-32\;C:\Users\exube\AppData\Local\Microsoft\WindowsApps;C:\Program Files\JetBrains\PyCharm Community Edition 2019.1.2\bin;C:\src\flutter\bin;C:\Users\exube\AppData\Roaming\npm;C:\Users\exube\AppData\Local\Programs\Microsoft VS Code\bin;C:\Users\exube\AppData\Local\Google\Cloud SDK\google-cloud-sdk\bin;C:\Users\exube\AppData\Local\GitHubDesktop\bin;C:\Users\exube\AppData\Local\Yarn\bin

Yarn version: 
  1.17.3

Node version: 
  10.15.3

Platform: 
  win32 x64

Trace: 
  Error: https://registry.yarnpkg.com/webpack-client: Not found
      at Request.params.callback [as _callback] (C:\Program Files (x86)\Yarn\lib\cli.js:65939:18)
      at Request.self.callback (C:\Program Files (x86)\Yarn\lib\cli.js:140464:22)
      at Request.emit (events.js:189:13)
      at Request.<anonymous> (C:\Program Files (x86)\Yarn\lib\cli.js:141436:10)
      at Request.emit (events.js:189:13)
      at IncomingMessage.<anonymous> (C:\Program Files (x86)\Yarn\lib\cli.js:141358:12)
      at Object.onceWrapper (events.js:277:13)
      at IncomingMessage.emit (events.js:194:15)
      at endReadableNT (_stream_readable.js:1125:12)
      at process._tickCallback (internal/process/next_tick.js:63:19)

npm manifest: 
  {
    "name": "wordcloud",
    "version": "1.0.0",
    "main": "index.js",
    "license": "MIT",
    "dependencies": {
      "react": "^16.12.0",
      "react-dom": "^16.12.0"
    },
    "devDependencies": {
      "babel-core": "^6.26.3",
      "babel-loader": "^8.0.6",
      "babel-preset-react-app": "^9.1.1"
    }
  }

yarn manifest: 
  No manifest

Lockfile: 
  # THIS IS AN AUTOGENERATED FILE. DO NOT EDIT THIS FILE DIRECTLY.
  # yarn lockfile v1
  
  
  "@babel/code-frame@^7.0.0", "@babel/code-frame@^7.8.3":
    version "7.8.3"
    resolved "https://registry.yarnpkg.com/@babel/code-frame/-/code-frame-7.8.3.tgz#33e25903d7481181534e12ec0a25f16b6fcf419e"
    integrity sha512-a9gxpmdXtZEInkCSHUJDLHZVBgb1QS0jhss4cPP93EW7s+uC5bikET2twEF3KV+7rDblJcmNvTR7VJejqd2C2g==
    dependencies:
      "@babel/highlight" "^7.8.3"
  
  "@babel/compat-data@^7.8.4":
    version "7.8.5"
    resolved "https://registry.yarnpkg.com/@babel/compat-data/-/compat-data-7.8.5.tgz#d28ce872778c23551cbb9432fc68d28495b613b9"
    integrity sha512-jWYUqQX/ObOhG1UiEkbH5SANsE/8oKXiQWjj7p7xgj9Zmnt//aUvyz4dBkK0HNsS8/cbyC5NmmH87VekW+mXFg==
    dependencies:
      browserslist "^4.8.5"
      invariant "^2.2.4"
      semver "^5.5.0"
  
  "@babel/core@7.8.4":
    version "7.8.4"
    resolved "https://registry.yarnpkg.com/@babel/core/-/core-7.8.4.tgz#d496799e5c12195b3602d0fddd77294e3e38e80e"
    integrity sha512-0LiLrB2PwrVI+a2/IEskBopDYSd8BCb3rOvH7D5tzoWd696TBEduBvuLVm4Nx6rltrLZqvI3MCalB2K2aVzQjA==
    dependencies:
      "@babel/code-frame" "^7.8.3"
      "@babel/generator" "^7.8.4"
      "@babel/helpers" "^7.8.4"
      "@babel/parser" "^7.8.4"
      "@babel/template" "^7.8.3"
      "@babel/traverse" "^7.8.4"
      "@babel/types" "^7.8.3"
      convert-source-map "^1.7.0"
      debug "^4.1.0"
      gensync "^1.0.0-beta.1"
      json5 "^2.1.0"
      lodash "^4.17.13"
      resolve "^1.3.2"
      semver "^5.4.1"
      source-map "^0.5.0"
  
  "@babel/generator@^7.8.4":
    version "7.8.4"
    resolved "https://registry.yarnpkg.com/@babel/generator/-/generator-7.8.4.tgz#35bbc74486956fe4251829f9f6c48330e8d0985e"
    integrity sha512-PwhclGdRpNAf3IxZb0YVuITPZmmrXz9zf6fH8lT4XbrmfQKr6ryBzhv593P5C6poJRciFCL/eHGW2NuGrgEyxA==
    dependencies:
      "@babel/types" "^7.8.3"
      jsesc "^2.5.1"
      lodash "^4.17.13"
      source-map "^0.5.0"
  
  "@babel/helper-annotate-as-pure@^7.8.3":
    version "7.8.3"
    resolved "https://registry.yarnpkg.com/@babel/helper-annotate-as-pure/-/helper-annotate-as-pure-7.8.3.tgz#60bc0bc657f63a0924ff9a4b4a0b24a13cf4deee"
    integrity sha512-6o+mJrZBxOoEX77Ezv9zwW7WV8DdluouRKNY/IR5u/YTMuKHgugHOzYWlYvYLpLA9nPsQCAAASpCIbjI9Mv+Uw==
    dependencies:
      "@babel/types" "^7.8.3"
  
  "@babel/helper-builder-binary-assignment-operator-visitor@^7.8.3":
    version "7.8.3"
    resolved "https://registry.yarnpkg.com/@babel/helper-builder-binary-assignment-operator-visitor/-/helper-builder-binary-assignment-operator-visitor-7.8.3.tgz#c84097a427a061ac56a1c30ebf54b7b22d241503"
    integrity sha512-5eFOm2SyFPK4Rh3XMMRDjN7lBH0orh3ss0g3rTYZnBQ+r6YPj7lgDyCvPphynHvUrobJmeMignBr6Acw9mAPlw==
    dependencies:
      "@babel/helper-explode-assignable-expression" "^7.8.3"
      "@babel/types" "^7.8.3"
  
  "@babel/helper-builder-react-jsx@^7.8.3":
    version "7.8.3"
    resolved "https://registry.yarnpkg.com/@babel/helper-builder-react-jsx/-/helper-builder-react-jsx-7.8.3.tgz#dee98d7d79cc1f003d80b76fe01c7f8945665ff6"
    integrity sha512-JT8mfnpTkKNCboTqZsQTdGo3l3Ik3l7QIt9hh0O9DYiwVel37VoJpILKM4YFbP2euF32nkQSb+F9cUk9b7DDXQ==
    dependencies:
      "@babel/types" "^7.8.3"
      esutils "^2.0.0"
  
  "@babel/helper-call-delegate@^7.8.3":
    version "7.8.3"
    resolved "https://registry.yarnpkg.com/@babel/helper-call-delegate/-/helper-call-delegate-7.8.3.tgz#de82619898aa605d409c42be6ffb8d7204579692"
    integrity sha512-6Q05px0Eb+N4/GTyKPPvnkig7Lylw+QzihMpws9iiZQv7ZImf84ZsZpQH7QoWN4n4tm81SnSzPgHw2qtO0Zf3A==
    dependencies:
      "@babel/helper-hoist-variables" "^7.8.3"
      "@babel/traverse" "^7.8.3"
      "@babel/types" "^7.8.3"
  
  "@babel/helper-compilation-targets@^7.8.4":
    version "7.8.4"
    resolved "https://registry.yarnpkg.com/@babel/helper-compilation-targets/-/helper-compilation-targets-7.8.4.tgz#03d7ecd454b7ebe19a254f76617e61770aed2c88"
    integrity sha512-3k3BsKMvPp5bjxgMdrFyq0UaEO48HciVrOVF0+lon8pp95cyJ2ujAh0TrBHNMnJGT2rr0iKOJPFFbSqjDyf/Pg==
    dependencies:
      "@babel/compat-data" "^7.8.4"
      browserslist "^4.8.5"
      invariant "^2.2.4"
      levenary "^1.1.1"
      semver "^5.5.0"
  
  "@babel/helper-create-class-features-plugin@^7.8.3":
    version "7.8.3"
    resolved "https://registry.yarnpkg.com/@babel/helper-create-class-features-plugin/-/helper-create-class-features-plugin-7.8.3.tgz#5b94be88c255f140fd2c10dd151e7f98f4bff397"
    integrity sha512-qmp4pD7zeTxsv0JNecSBsEmG1ei2MqwJq4YQcK3ZWm/0t07QstWfvuV/vm3Qt5xNMFETn2SZqpMx2MQzbtq+KA==
    dependencies:
      "@babel/helper-function-name" "^7.8.3"
      "@babel/helper-member-expression-to-functions" "^7.8.3"
      "@babel/helper-optimise-call-expression" "^7.8.3"
      "@babel/helper-plugin-utils" "^7.8.3"
      "@babel/helper-replace-supers" "^7.8.3"
      "@babel/helper-split-export-declaration" "^7.8.3"
  
  "@babel/helper-create-regexp-features-plugin@^7.8.3":
    version "7.8.3"
    resolved "https://registry.yarnpkg.com/@babel/helper-create-regexp-features-plugin/-/helper-create-regexp-features-plugin-7.8.3.tgz#c774268c95ec07ee92476a3862b75cc2839beb79"
    integrity sha512-Gcsm1OHCUr9o9TcJln57xhWHtdXbA2pgQ58S0Lxlks0WMGNXuki4+GLfX0p+L2ZkINUGZvfkz8rzoqJQSthI+Q==
    dependencies:
      "@babel/helper-regex" "^7.8.3"
      regexpu-core "^4.6.0"
  
  "@babel/helper-define-map@^7.8.3":
    version "7.8.3"
    resolved "https://registry.yarnpkg.com/@babel/helper-define-map/-/helper-define-map-7.8.3.tgz#a0655cad5451c3760b726eba875f1cd8faa02c15"
    integrity sha512-PoeBYtxoZGtct3md6xZOCWPcKuMuk3IHhgxsRRNtnNShebf4C8YonTSblsK4tvDbm+eJAw2HAPOfCr+Q/YRG/g==
    dependencies:
      "@babel/helper-function-name" "^7.8.3"
      "@babel/types" "^7.8.3"
      lodash "^4.17.13"
  
  "@babel/helper-explode-assignable-expression@^7.8.3":
    version "7.8.3"
    resolved "https://registry.yarnpkg.com/@babel/helper-explode-assignable-expression/-/helper-explode-assignable-expression-7.8.3.tgz#a728dc5b4e89e30fc2dfc7d04fa28a930653f982"
    integrity sha512-N+8eW86/Kj147bO9G2uclsg5pwfs/fqqY5rwgIL7eTBklgXjcOJ3btzS5iM6AitJcftnY7pm2lGsrJVYLGjzIw==
    dependencies:
      "@babel/traverse" "^7.8.3"
      "@babel/types" "^7.8.3"
  
  "@babel/helper-function-name@^7.8.3":
    version "7.8.3"
    resolved "https://registry.yarnpkg.com/@babel/helper-function-name/-/helper-function-name-7.8.3.tgz#eeeb665a01b1f11068e9fb86ad56a1cb1a824cca"
    integrity sha512-BCxgX1BC2hD/oBlIFUgOCQDOPV8nSINxCwM3o93xP4P9Fq6aV5sgv2cOOITDMtCfQ+3PvHp3l689XZvAM9QyOA==
    dependencies:
      "@babel/helper-get-function-arity" "^7.8.3"
      "@babel/template" "^7.8.3"
      "@babel/types" "^7.8.3"
  
  "@babel/helper-get-function-arity@^7.8.3":
    version "7.8.3"
    resolved "https://registry.yarnpkg.com/@babel/helper-get-function-arity/-/helper-get-function-arity-7.8.3.tgz#b894b947bd004381ce63ea1db9f08547e920abd5"
    integrity sha512-FVDR+Gd9iLjUMY1fzE2SR0IuaJToR4RkCDARVfsBBPSP53GEqSFjD8gNyxg246VUyc/ALRxFaAK8rVG7UT7xRA==
    dependencies:
      "@babel/types" "^7.8.3"
  
  "@babel/helper-hoist-variables@^7.8.3":
    version "7.8.3"
    resolved "https://registry.yarnpkg.com/@babel/helper-hoist-variables/-/helper-hoist-variables-7.8.3.tgz#1dbe9b6b55d78c9b4183fc8cdc6e30ceb83b7134"
    integrity sha512-ky1JLOjcDUtSc+xkt0xhYff7Z6ILTAHKmZLHPxAhOP0Nd77O+3nCsd6uSVYur6nJnCI029CrNbYlc0LoPfAPQg==
    dependencies:
      "@babel/types" "^7.8.3"
  
  "@babel/helper-member-expression-to-functions@^7.8.3":
    version "7.8.3"
    resolved "https://registry.yarnpkg.com/@babel/helper-member-expression-to-functions/-/helper-member-expression-to-functions-7.8.3.tgz#659b710498ea6c1d9907e0c73f206eee7dadc24c"
    integrity sha512-fO4Egq88utkQFjbPrSHGmGLFqmrshs11d46WI+WZDESt7Wu7wN2G2Iu+NMMZJFDOVRHAMIkB5SNh30NtwCA7RA==
    dependencies:
      "@babel/types" "^7.8.3"
  
  "@babel/helper-module-imports@^7.8.3":
    version "7.8.3"
    resolved "https://registry.yarnpkg.com/@babel/helper-module-imports/-/helper-module-imports-7.8.3.tgz#7fe39589b39c016331b6b8c3f441e8f0b1419498"
    integrity sha512-R0Bx3jippsbAEtzkpZ/6FIiuzOURPcMjHp+Z6xPe6DtApDJx+w7UYyOLanZqO8+wKR9G10s/FmHXvxaMd9s6Kg==
    dependencies:
      "@babel/types" "^7.8.3"
  
  "@babel/helper-module-transforms@^7.8.3":
    version "7.8.3"
    resolved "https://registry.yarnpkg.com/@babel/helper-module-transforms/-/helper-module-transforms-7.8.3.tgz#d305e35d02bee720fbc2c3c3623aa0c316c01590"
    integrity sha512-C7NG6B7vfBa/pwCOshpMbOYUmrYQDfCpVL/JCRu0ek8B5p8kue1+BCXpg2vOYs7w5ACB9GTOBYQ5U6NwrMg+3Q==
    dependencies:
      "@babel/helper-module-imports" "^7.8.3"
      "@babel/helper-simple-access" "^7.8.3"
      "@babel/helper-split-export-declaration" "^7.8.3"
      "@babel/template" "^7.8.3"
      "@babel/types" "^7.8.3"
      lodash "^4.17.13"
  
  "@babel/helper-optimise-call-expression@^7.8.3":
    version "7.8.3"
    resolved "https://registry.yarnpkg.com/@babel/helper-optimise-call-expression/-/helper-optimise-call-expression-7.8.3.tgz#7ed071813d09c75298ef4f208956006b6111ecb9"
    integrity sha512-Kag20n86cbO2AvHca6EJsvqAd82gc6VMGule4HwebwMlwkpXuVqrNRj6CkCV2sKxgi9MyAUnZVnZ6lJ1/vKhHQ==
    dependencies:
      "@babel/types" "^7.8.3"
  
  "@babel/helper-plugin-utils@^7.8.0", "@babel/helper-plugin-utils@^7.8.3":
    version "7.8.3"
    resolved "https://registry.yarnpkg.com/@babel/helper-plugin-utils/-/helper-plugin-utils-7.8.3.tgz#9ea293be19babc0f52ff8ca88b34c3611b208670"
    integrity sha512-j+fq49Xds2smCUNYmEHF9kGNkhbet6yVIBp4e6oeQpH1RUs/Ir06xUKzDjDkGcaaokPiTNs2JBWHjaE4csUkZQ==
  
  "@babel/helper-regex@^7.8.3":
    version "7.8.3"
    resolved "https://registry.yarnpkg.com/@babel/helper-regex/-/helper-regex-7.8.3.tgz#139772607d51b93f23effe72105b319d2a4c6965"
    integrity sha512-BWt0QtYv/cg/NecOAZMdcn/waj/5P26DR4mVLXfFtDokSR6fyuG0Pj+e2FqtSME+MqED1khnSMulkmGl8qWiUQ==
    dependencies:
      lodash "^4.17.13"
  
  "@babel/helper-remap-async-to-generator@^7.8.3":
    version "7.8.3"
    resolved "https://registry.yarnpkg.com/@babel/helper-remap-async-to-generator/-/helper-remap-async-to-generator-7.8.3.tgz#273c600d8b9bf5006142c1e35887d555c12edd86"
    integrity sha512-kgwDmw4fCg7AVgS4DukQR/roGp+jP+XluJE5hsRZwxCYGg+Rv9wSGErDWhlI90FODdYfd4xG4AQRiMDjjN0GzA==
    dependencies:
      "@babel/helper-annotate-as-pure" "^7.8.3"
      "@babel/helper-wrap-function" "^7.8.3"
      "@babel/template" "^7.8.3"
      "@babel/traverse" "^7.8.3"
      "@babel/types" "^7.8.3"
  
  "@babel/helper-replace-supers@^7.8.3":
    version "7.8.3"
    resolved "https://registry.yarnpkg.com/@babel/helper-replace-supers/-/helper-replace-supers-7.8.3.tgz#91192d25f6abbcd41da8a989d4492574fb1530bc"
    integrity sha512-xOUssL6ho41U81etpLoT2RTdvdus4VfHamCuAm4AHxGr+0it5fnwoVdwUJ7GFEqCsQYzJUhcbsN9wB9apcYKFA==
    dependencies:
      "@babel/helper-member-expression-to-functions" "^7.8.3"
      "@babel/helper-optimise-call-expression" "^7.8.3"
      "@babel/traverse" "^7.8.3"
      "@babel/types" "^7.8.3"
  
  "@babel/helper-simple-access@^7.8.3":
    version "7.8.3"
    resolved "https://registry.yarnpkg.com/@babel/helper-simple-access/-/helper-simple-access-7.8.3.tgz#7f8109928b4dab4654076986af575231deb639ae"
    integrity sha512-VNGUDjx5cCWg4vvCTR8qQ7YJYZ+HBjxOgXEl7ounz+4Sn7+LMD3CFrCTEU6/qXKbA2nKg21CwhhBzO0RpRbdCw==
    dependencies:
      "@babel/template" "^7.8.3"
      "@babel/types" "^7.8.3"
  
  "@babel/helper-split-export-declaration@^7.8.3":
    version "7.8.3"
    resolved "https://registry.yarnpkg.com/@babel/helper-split-export-declaration/-/helper-split-export-declaration-7.8.3.tgz#31a9f30070f91368a7182cf05f831781065fc7a9"
    integrity sha512-3x3yOeyBhW851hroze7ElzdkeRXQYQbFIb7gLK1WQYsw2GWDay5gAJNw1sWJ0VFP6z5J1whqeXH/WCdCjZv6dA==
    dependencies:
      "@babel/types" "^7.8.3"
  
  "@babel/helper-wrap-function@^7.8.3":
    version "7.8.3"
    resolved "https://registry.yarnpkg.com/@babel/helper-wrap-function/-/helper-wrap-function-7.8.3.tgz#9dbdb2bb55ef14aaa01fe8c99b629bd5352d8610"
    integrity sha512-LACJrbUET9cQDzb6kG7EeD7+7doC3JNvUgTEQOx2qaO1fKlzE/Bf05qs9w1oXQMmXlPO65lC3Tq9S6gZpTErEQ==
    dependencies:
      "@babel/helper-function-name" "^7.8.3"
      "@babel/template" "^7.8.3"
      "@babel/traverse" "^7.8.3"
      "@babel/types" "^7.8.3"
  
  "@babel/helpers@^7.8.4":
    version "7.8.4"
    resolved "https://registry.yarnpkg.com/@babel/helpers/-/helpers-7.8.4.tgz#754eb3ee727c165e0a240d6c207de7c455f36f73"
    integrity sha512-VPbe7wcQ4chu4TDQjimHv/5tj73qz88o12EPkO2ValS2QiQS/1F2SsjyIGNnAD0vF/nZS6Cf9i+vW6HIlnaR8w==
    dependencies:
      "@babel/template" "^7.8.3"
      "@babel/traverse" "^7.8.4"
      "@babel/types" "^7.8.3"
  
  "@babel/highlight@^7.8.3":
    version "7.8.3"
    resolved "https://registry.yarnpkg.com/@babel/highlight/-/highlight-7.8.3.tgz#28f173d04223eaaa59bc1d439a3836e6d1265797"
    integrity sha512-PX4y5xQUvy0fnEVHrYOarRPXVWafSjTW9T0Hab8gVIawpl2Sj0ORyrygANq+KjcNlSSTw0YCLSNA8OyZ1I4yEg==
    dependencies:
      chalk "^2.0.0"
      esutils "^2.0.2"
      js-tokens "^4.0.0"
  
  "@babel/parser@^7.8.3", "@babel/parser@^7.8.4":
    version "7.8.4"
    resolved "https://registry.yarnpkg.com/@babel/parser/-/parser-7.8.4.tgz#d1dbe64691d60358a974295fa53da074dd2ce8e8"
    integrity sha512-0fKu/QqildpXmPVaRBoXOlyBb3MC+J0A66x97qEfLOMkn3u6nfY5esWogQwi/K0BjASYy4DbnsEWnpNL6qT5Mw==
  
  "@babel/plugin-proposal-async-generator-functions@^7.8.3":
    version "7.8.3"
    resolved "https://registry.yarnpkg.com/@babel/plugin-proposal-async-generator-functions/-/plugin-proposal-async-generator-functions-7.8.3.tgz#bad329c670b382589721b27540c7d288601c6e6f"
    integrity sha512-NZ9zLv848JsV3hs8ryEh7Uaz/0KsmPLqv0+PdkDJL1cJy0K4kOCFa8zc1E3mp+RHPQcpdfb/6GovEsW4VDrOMw==
    dependencies:
      "@babel/helper-plugin-utils" "^7.8.3"
      "@babel/helper-remap-async-to-generator" "^7.8.3"
      "@babel/plugin-syntax-async-generators" "^7.8.0"
  
  "@babel/plugin-proposal-class-properties@7.8.3":
    version "7.8.3"
    resolved "https://registry.yarnpkg.com/@babel/plugin-proposal-class-properties/-/plugin-proposal-class-properties-7.8.3.tgz#5e06654af5cd04b608915aada9b2a6788004464e"
    integrity sha512-EqFhbo7IosdgPgZggHaNObkmO1kNUe3slaKu54d5OWvy+p9QIKOzK1GAEpAIsZtWVtPXUHSMcT4smvDrCfY4AA==
    dependencies:
      "@babel/helper-create-class-features-plugin" "^7.8.3"
      "@babel/helper-plugin-utils" "^7.8.3"
  
  "@babel/plugin-proposal-decorators@7.8.3":
    version "7.8.3"
    resolved "https://registry.yarnpkg.com/@babel/plugin-proposal-decorators/-/plugin-proposal-decorators-7.8.3.tgz#2156860ab65c5abf068c3f67042184041066543e"
    integrity sha512-e3RvdvS4qPJVTe288DlXjwKflpfy1hr0j5dz5WpIYYeP7vQZg2WfAEIp8k5/Lwis/m5REXEteIz6rrcDtXXG7w==
    dependencies:
      "@babel/helper-create-class-features-plugin" "^7.8.3"
      "@babel/helper-plugin-utils" "^7.8.3"
      "@babel/plugin-syntax-decorators" "^7.8.3"
  
  "@babel/plugin-proposal-dynamic-import@^7.8.3":
    version "7.8.3"
    resolved "https://registry.yarnpkg.com/@babel/plugin-proposal-dynamic-import/-/plugin-proposal-dynamic-import-7.8.3.tgz#38c4fe555744826e97e2ae930b0fb4cc07e66054"
    integrity sha512-NyaBbyLFXFLT9FP+zk0kYlUlA8XtCUbehs67F0nnEg7KICgMc2mNkIeu9TYhKzyXMkrapZFwAhXLdnt4IYHy1w==
    dependencies:
      "@babel/helper-plugin-utils" "^7.8.3"
      "@babel/plugin-syntax-dynamic-import" "^7.8.0"
  
  "@babel/plugin-proposal-json-strings@^7.8.3":
    version "7.8.3"
    resolved "https://registry.yarnpkg.com/@babel/plugin-proposal-json-strings/-/plugin-proposal-json-strings-7.8.3.tgz#da5216b238a98b58a1e05d6852104b10f9a70d6b"
    integrity sha512-KGhQNZ3TVCQG/MjRbAUwuH+14y9q0tpxs1nWWs3pbSleRdDro9SAMMDyye8HhY1gqZ7/NqIc8SKhya0wRDgP1Q==
    dependencies:
      "@babel/helper-plugin-utils" "^7.8.3"
      "@babel/plugin-syntax-json-strings" "^7.8.0"
  
  "@babel/plugin-proposal-nullish-coalescing-operator@^7.8.3":
    version "7.8.3"
    resolved "https://registry.yarnpkg.com/@babel/plugin-proposal-nullish-coalescing-operator/-/plugin-proposal-nullish-coalescing-operator-7.8.3.tgz#e4572253fdeed65cddeecfdab3f928afeb2fd5d2"
    integrity sha512-TS9MlfzXpXKt6YYomudb/KU7nQI6/xnapG6in1uZxoxDghuSMZsPb6D2fyUwNYSAp4l1iR7QtFOjkqcRYcUsfw==
    dependencies:
      "@babel/helper-plugin-utils" "^7.8.3"
      "@babel/plugin-syntax-nullish-coalescing-operator" "^7.8.0"
  
  "@babel/plugin-proposal-numeric-separator@7.8.3":
    version "7.8.3"
    resolved "https://registry.yarnpkg.com/@babel/plugin-proposal-numeric-separator/-/plugin-proposal-numeric-separator-7.8.3.tgz#5d6769409699ec9b3b68684cd8116cedff93bad8"
    integrity sha512-jWioO1s6R/R+wEHizfaScNsAx+xKgwTLNXSh7tTC4Usj3ItsPEhYkEpU4h+lpnBwq7NBVOJXfO6cRFYcX69JUQ==
    dependencies:
      "@babel/helper-plugin-utils" "^7.8.3"
      "@babel/plugin-syntax-numeric-separator" "^7.8.3"
  
  "@babel/plugin-proposal-object-rest-spread@^7.8.3":
    version "7.8.3"
    resolved "https://registry.yarnpkg.com/@babel/plugin-proposal-object-rest-spread/-/plugin-proposal-object-rest-spread-7.8.3.tgz#eb5ae366118ddca67bed583b53d7554cad9951bb"
    integrity sha512-8qvuPwU/xxUCt78HocNlv0mXXo0wdh9VT1R04WU8HGOfaOob26pF+9P5/lYjN/q7DHOX1bvX60hnhOvuQUJdbA==
    dependencies:
      "@babel/helper-plugin-utils" "^7.8.3"
      "@babel/plugin-syntax-object-rest-spread" "^7.8.0"
  
  "@babel/plugin-proposal-optional-catch-binding@^7.8.3":
    version "7.8.3"
    resolved "https://registry.yarnpkg.com/@babel/plugin-proposal-optional-catch-binding/-/plugin-proposal-optional-catch-binding-7.8.3.tgz#9dee96ab1650eed88646ae9734ca167ac4a9c5c9"
    integrity sha512-0gkX7J7E+AtAw9fcwlVQj8peP61qhdg/89D5swOkjYbkboA2CVckn3kiyum1DE0wskGb7KJJxBdyEBApDLLVdw==
    dependencies:
      "@babel/helper-plugin-utils" "^7.8.3"
      "@babel/plugin-syntax-optional-catch-binding" "^7.8.0"
  
  "@babel/plugin-proposal-optional-chaining@^7.8.3":
    version "7.8.3"
    resolved "https://registry.yarnpkg.com/@babel/plugin-proposal-optional-chaining/-/plugin-proposal-optional-chaining-7.8.3.tgz#ae10b3214cb25f7adb1f3bc87ba42ca10b7e2543"
    integrity sha512-QIoIR9abkVn+seDE3OjA08jWcs3eZ9+wJCKSRgo3WdEU2csFYgdScb+8qHB3+WXsGJD55u+5hWCISI7ejXS+kg==
    dependencies:
      "@babel/helper-plugin-utils" "^7.8.3"
      "@babel/plugin-syntax-optional-chaining" "^7.8.0"
  
  "@babel/plugin-proposal-unicode-property-regex@^7.8.3":
    version "7.8.3"
    resolved "https://registry.yarnpkg.com/@babel/plugin-proposal-unicode-property-regex/-/plugin-proposal-unicode-property-regex-7.8.3.tgz#b646c3adea5f98800c9ab45105ac34d06cd4a47f"
    integrity sha512-1/1/rEZv2XGweRwwSkLpY+s60za9OZ1hJs4YDqFHCw0kYWYwL5IFljVY1MYBL+weT1l9pokDO2uhSTLVxzoHkQ==
    dependencies:
      "@babel/helper-create-regexp-features-plugin" "^7.8.3"
      "@babel/helper-plugin-utils" "^7.8.3"
  
  "@babel/plugin-syntax-async-generators@^7.8.0":
    version "7.8.4"
    resolved "https://registry.yarnpkg.com/@babel/plugin-syntax-async-generators/-/plugin-syntax-async-generators-7.8.4.tgz#a983fb1aeb2ec3f6ed042a210f640e90e786fe0d"
    integrity sha512-tycmZxkGfZaxhMRbXlPXuVFpdWlXpir2W4AMhSJgRKzk/eDlIXOhb2LHWoLpDF7TEHylV5zNhykX6KAgHJmTNw==
    dependencies:
      "@babel/helper-plugin-utils" "^7.8.0"
  
  "@babel/plugin-syntax-decorators@^7.8.3":
    version "7.8.3"
    resolved "https://registry.yarnpkg.com/@babel/plugin-syntax-decorators/-/plugin-syntax-decorators-7.8.3.tgz#8d2c15a9f1af624b0025f961682a9d53d3001bda"
    integrity sha512-8Hg4dNNT9/LcA1zQlfwuKR8BUc/if7Q7NkTam9sGTcJphLwpf2g4S42uhspQrIrR+dpzE0dtTqBVFoHl8GtnnQ==
    dependencies:
      "@babel/helper-plugin-utils" "^7.8.3"
  
  "@babel/plugin-syntax-dynamic-import@^7.8.0":
    version "7.8.3"
    resolved "https://registry.yarnpkg.com/@babel/plugin-syntax-dynamic-import/-/plugin-syntax-dynamic-import-7.8.3.tgz#62bf98b2da3cd21d626154fc96ee5b3cb68eacb3"
    integrity sha512-5gdGbFon+PszYzqs83S3E5mpi7/y/8M9eC90MRTZfduQOYW76ig6SOSPNe41IG5LoP3FGBn2N0RjVDSQiS94kQ==
    dependencies:
      "@babel/helper-plugin-utils" "^7.8.0"
  
  "@babel/plugin-syntax-flow@^7.8.3":
    version "7.8.3"
    resolved "https://registry.yarnpkg.com/@babel/plugin-syntax-flow/-/plugin-syntax-flow-7.8.3.tgz#f2c883bd61a6316f2c89380ae5122f923ba4527f"
    integrity sha512-innAx3bUbA0KSYj2E2MNFSn9hiCeowOFLxlsuhXzw8hMQnzkDomUr9QCD7E9VF60NmnG1sNTuuv6Qf4f8INYsg==
    dependencies:
      "@babel/helper-plugin-utils" "^7.8.3"
  
  "@babel/plugin-syntax-json-strings@^7.8.0":
    version "7.8.3"
    resolved "https://registry.yarnpkg.com/@babel/plugin-syntax-json-strings/-/plugin-syntax-json-strings-7.8.3.tgz#01ca21b668cd8218c9e640cb6dd88c5412b2c96a"
    integrity sha512-lY6kdGpWHvjoe2vk4WrAapEuBR69EMxZl+RoGRhrFGNYVK8mOPAW8VfbT/ZgrFbXlDNiiaxQnAtgVCZ6jv30EA==
    dependencies:
      "@babel/helper-plugin-utils" "^7.8.0"
  
  "@babel/plugin-syntax-jsx@^7.8.3":
    version "7.8.3"
    resolved "https://registry.yarnpkg.com/@babel/plugin-syntax-jsx/-/plugin-syntax-jsx-7.8.3.tgz#521b06c83c40480f1e58b4fd33b92eceb1d6ea94"
    integrity sha512-WxdW9xyLgBdefoo0Ynn3MRSkhe5tFVxxKNVdnZSh318WrG2e2jH+E9wd/++JsqcLJZPfz87njQJ8j2Upjm0M0A==
    dependencies:
      "@babel/helper-plugin-utils" "^7.8.3"
  
  "@babel/plugin-syntax-nullish-coalescing-operator@^7.8.0":
    version "7.8.3"
    resolved "https://registry.yarnpkg.com/@babel/plugin-syntax-nullish-coalescing-operator/-/plugin-syntax-nullish-coalescing-operator-7.8.3.tgz#167ed70368886081f74b5c36c65a88c03b66d1a9"
    integrity sha512-aSff4zPII1u2QD7y+F8oDsz19ew4IGEJg9SVW+bqwpwtfFleiQDMdzA/R+UlWDzfnHFCxxleFT0PMIrR36XLNQ==
    dependencies:
      "@babel/helper-plugin-utils" "^7.8.0"
  
  "@babel/plugin-syntax-numeric-separator@^7.8.3":
    version "7.8.3"
    resolved "https://registry.yarnpkg.com/@babel/plugin-syntax-numeric-separator/-/plugin-syntax-numeric-separator-7.8.3.tgz#0e3fb63e09bea1b11e96467271c8308007e7c41f"
    integrity sha512-H7dCMAdN83PcCmqmkHB5dtp+Xa9a6LKSvA2hiFBC/5alSHxM5VgWZXFqDi0YFe8XNGT6iCa+z4V4zSt/PdZ7Dw==
    dependencies:
      "@babel/helper-plugin-utils" "^7.8.3"
  
  "@babel/plugin-syntax-object-rest-spread@^7.8.0":
    version "7.8.3"
    resolved "https://registry.yarnpkg.com/@babel/plugin-syntax-object-rest-spread/-/plugin-syntax-object-rest-spread-7.8.3.tgz#60e225edcbd98a640332a2e72dd3e66f1af55871"
    integrity sha512-XoqMijGZb9y3y2XskN+P1wUGiVwWZ5JmoDRwx5+3GmEplNyVM2s2Dg8ILFQm8rWM48orGy5YpI5Bl8U1y7ydlA==
    dependencies:
      "@babel/helper-plugin-utils" "^7.8.0"
  
  "@babel/plugin-syntax-optional-catch-binding@^7.8.0":
    version "7.8.3"
    resolved "https://registry.yarnpkg.com/@babel/plugin-syntax-optional-catch-binding/-/plugin-syntax-optional-catch-binding-7.8.3.tgz#6111a265bcfb020eb9efd0fdfd7d26402b9ed6c1"
    integrity sha512-6VPD0Pc1lpTqw0aKoeRTMiB+kWhAoT24PA+ksWSBrFtl5SIRVpZlwN3NNPQjehA2E/91FV3RjLWoVTglWcSV3Q==
    dependencies:
      "@babel/helper-plugin-utils" "^7.8.0"
  
  "@babel/plugin-syntax-optional-chaining@^7.8.0":
    version "7.8.3"
    resolved "https://registry.yarnpkg.com/@babel/plugin-syntax-optional-chaining/-/plugin-syntax-optional-chaining-7.8.3.tgz#4f69c2ab95167e0180cd5336613f8c5788f7d48a"
    integrity sha512-KoK9ErH1MBlCPxV0VANkXW2/dw4vlbGDrFgz8bmUsBGYkFRcbRwMh6cIJubdPrkxRwuGdtCk0v/wPTKbQgBjkg==
    dependencies:
      "@babel/helper-plugin-utils" "^7.8.0"
  
  "@babel/plugin-syntax-top-level-await@^7.8.3":
    version "7.8.3"
    resolved "https://registry.yarnpkg.com/@babel/plugin-syntax-top-level-await/-/plugin-syntax-top-level-await-7.8.3.tgz#3acdece695e6b13aaf57fc291d1a800950c71391"
    integrity sha512-kwj1j9lL/6Wd0hROD3b/OZZ7MSrZLqqn9RAZ5+cYYsflQ9HZBIKCUkr3+uL1MEJ1NePiUbf98jjiMQSv0NMR9g==
    dependencies:
      "@babel/helper-plugin-utils" "^7.8.3"
  
  "@babel/plugin-syntax-typescript@^7.8.3":
    version "7.8.3"
    resolved "https://registry.yarnpkg.com/@babel/plugin-syntax-typescript/-/plugin-syntax-typescript-7.8.3.tgz#c1f659dda97711a569cef75275f7e15dcaa6cabc"
    integrity sha512-GO1MQ/SGGGoiEXY0e0bSpHimJvxqB7lktLLIq2pv8xG7WZ8IMEle74jIe1FhprHBWjwjZtXHkycDLZXIWM5Wfg==
    dependencies:
      "@babel/helper-plugin-utils" "^7.8.3"
  
  "@babel/plugin-transform-arrow-functions@^7.8.3":
    version "7.8.3"
    resolved "https://registry.yarnpkg.com/@babel/plugin-transform-arrow-functions/-/plugin-transform-arrow-functions-7.8.3.tgz#82776c2ed0cd9e1a49956daeb896024c9473b8b6"
    integrity sha512-0MRF+KC8EqH4dbuITCWwPSzsyO3HIWWlm30v8BbbpOrS1B++isGxPnnuq/IZvOX5J2D/p7DQalQm+/2PnlKGxg==
    dependencies:
      "@babel/helper-plugin-utils" "^7.8.3"
  
  "@babel/plugin-transform-async-to-generator@^7.8.3":
    version "7.8.3"
    resolved "https://registry.yarnpkg.com/@babel/plugin-transform-async-to-generator/-/plugin-transform-async-to-generator-7.8.3.tgz#4308fad0d9409d71eafb9b1a6ee35f9d64b64086"
    integrity sha512-imt9tFLD9ogt56Dd5CI/6XgpukMwd/fLGSrix2httihVe7LOGVPhyhMh1BU5kDM7iHD08i8uUtmV2sWaBFlHVQ==
    dependencies:
      "@babel/helper-module-imports" "^7.8.3"
      "@babel/helper-plugin-utils" "^7.8.3"
      "@babel/helper-remap-async-to-generator" "^7.8.3"
  
  "@babel/plugin-transform-block-scoped-functions@^7.8.3":
    version "7.8.3"
    resolved "https://registry.yarnpkg.com/@babel/plugin-transform-block-scoped-functions/-/plugin-transform-block-scoped-functions-7.8.3.tgz#437eec5b799b5852072084b3ae5ef66e8349e8a3"
    integrity sha512-vo4F2OewqjbB1+yaJ7k2EJFHlTP3jR634Z9Cj9itpqNjuLXvhlVxgnjsHsdRgASR8xYDrx6onw4vW5H6We0Jmg==
    dependencies:
      "@babel/helper-plugin-utils" "^7.8.3"
  
  "@babel/plugin-transform-block-scoping@^7.8.3":
    version "7.8.3"
    resolved "https://registry.yarnpkg.com/@babel/plugin-transform-block-scoping/-/plugin-transform-block-scoping-7.8.3.tgz#97d35dab66857a437c166358b91d09050c868f3a"
    integrity sha512-pGnYfm7RNRgYRi7bids5bHluENHqJhrV4bCZRwc5GamaWIIs07N4rZECcmJL6ZClwjDz1GbdMZFtPs27hTB06w==
    dependencies:
      "@babel/helper-plugin-utils" "^7.8.3"
      lodash "^4.17.13"
  
  "@babel/plugin-transform-classes@^7.8.3":
    version "7.8.3"
    resolved "https://registry.yarnpkg.com/@babel/plugin-transform-classes/-/plugin-transform-classes-7.8.3.tgz#46fd7a9d2bb9ea89ce88720477979fe0d71b21b8"
    integrity sha512-SjT0cwFJ+7Rbr1vQsvphAHwUHvSUPmMjMU/0P59G8U2HLFqSa082JO7zkbDNWs9kH/IUqpHI6xWNesGf8haF1w==
    dependencies:
      "@babel/helper-annotate-as-pure" "^7.8.3"
      "@babel/helper-define-map" "^7.8.3"
      "@babel/helper-function-name" "^7.8.3"
      "@babel/helper-optimise-call-expression" "^7.8.3"
      "@babel/helper-plugin-utils" "^7.8.3"
      "@babel/helper-replace-supers" "^7.8.3"
      "@babel/helper-split-export-declaration" "^7.8.3"
      globals "^11.1.0"
  
  "@babel/plugin-transform-computed-properties@^7.8.3":
    version "7.8.3"
    resolved "https://registry.yarnpkg.com/@babel/plugin-transform-computed-properties/-/plugin-transform-computed-properties-7.8.3.tgz#96d0d28b7f7ce4eb5b120bb2e0e943343c86f81b"
    integrity sha512-O5hiIpSyOGdrQZRQ2ccwtTVkgUDBBiCuK//4RJ6UfePllUTCENOzKxfh6ulckXKc0DixTFLCfb2HVkNA7aDpzA==
    dependencies:
      "@babel/helper-plugin-utils" "^7.8.3"
  
  "@babel/plugin-transform-destructuring@^7.8.3":
    version "7.8.3"
    resolved "https://registry.yarnpkg.com/@babel/plugin-transform-destructuring/-/plugin-transform-destructuring-7.8.3.tgz#20ddfbd9e4676906b1056ee60af88590cc7aaa0b"
    integrity sha512-H4X646nCkiEcHZUZaRkhE2XVsoz0J/1x3VVujnn96pSoGCtKPA99ZZA+va+gK+92Zycd6OBKCD8tDb/731bhgQ==
    dependencies:
      "@babel/helper-plugin-utils" "^7.8.3"
  
  "@babel/plugin-transform-dotall-regex@^7.8.3":
    version "7.8.3"
    resolved "https://registry.yarnpkg.com/@babel/plugin-transform-dotall-regex/-/plugin-transform-dotall-regex-7.8.3.tgz#c3c6ec5ee6125c6993c5cbca20dc8621a9ea7a6e"
    integrity sha512-kLs1j9Nn4MQoBYdRXH6AeaXMbEJFaFu/v1nQkvib6QzTj8MZI5OQzqmD83/2jEM1z0DLilra5aWO5YpyC0ALIw==
    dependencies:
      "@babel/helper-create-regexp-features-plugin" "^7.8.3"
      "@babel/helper-plugin-utils" "^7.8.3"
  
  "@babel/plugin-transform-duplicate-keys@^7.8.3":
    version "7.8.3"
    resolved "https://registry.yarnpkg.com/@babel/plugin-transform-duplicate-keys/-/plugin-transform-duplicate-keys-7.8.3.tgz#8d12df309aa537f272899c565ea1768e286e21f1"
    integrity sha512-s8dHiBUbcbSgipS4SMFuWGqCvyge5V2ZeAWzR6INTVC3Ltjig/Vw1G2Gztv0vU/hRG9X8IvKvYdoksnUfgXOEQ==
    dependencies:
      "@babel/helper-plugin-utils" "^7.8.3"
  
  "@babel/plugin-transform-exponentiation-operator@^7.8.3":
    version "7.8.3"
    resolved "https://registry.yarnpkg.com/@babel/plugin-transform-exponentiation-operator/-/plugin-transform-exponentiation-operator-7.8.3.tgz#581a6d7f56970e06bf51560cd64f5e947b70d7b7"
    integrity sha512-zwIpuIymb3ACcInbksHaNcR12S++0MDLKkiqXHl3AzpgdKlFNhog+z/K0+TGW+b0w5pgTq4H6IwV/WhxbGYSjQ==
    dependencies:
      "@babel/helper-builder-binary-assignment-operator-visitor" "^7.8.3"
      "@babel/helper-plugin-utils" "^7.8.3"
  
  "@babel/plugin-transform-flow-strip-types@7.8.3":
    version "7.8.3"
    resolved "https://registry.yarnpkg.com/@babel/plugin-transform-flow-strip-types/-/plugin-transform-flow-strip-types-7.8.3.tgz#da705a655466b2a9b36046b57bf0cbcd53551bd4"
    integrity sha512-g/6WTWG/xbdd2exBBzMfygjX/zw4eyNC4X8pRaq7aRHRoDUCzAIu3kGYIXviOv8BjCuWm8vDBwjHcjiRNgXrPA==
    dependencies:
      "@babel/helper-plugin-utils" "^7.8.3"
      "@babel/plugin-syntax-flow" "^7.8.3"
  
  "@babel/plugin-transform-for-of@^7.8.4":
    version "7.8.4"
    resolved "https://registry.yarnpkg.com/@babel/plugin-transform-for-of/-/plugin-transform-for-of-7.8.4.tgz#6fe8eae5d6875086ee185dd0b098a8513783b47d"
    integrity sha512-iAXNlOWvcYUYoV8YIxwS7TxGRJcxyl8eQCfT+A5j8sKUzRFvJdcyjp97jL2IghWSRDaL2PU2O2tX8Cu9dTBq5A==
    dependencies:
      "@babel/helper-plugin-utils" "^7.8.3"
  
  "@babel/plugin-transform-function-name@^7.8.3":
    version "7.8.3"
    resolved "https://registry.yarnpkg.com/@babel/plugin-transform-function-name/-/plugin-transform-function-name-7.8.3.tgz#279373cb27322aaad67c2683e776dfc47196ed8b"
    integrity sha512-rO/OnDS78Eifbjn5Py9v8y0aR+aSYhDhqAwVfsTl0ERuMZyr05L1aFSCJnbv2mmsLkit/4ReeQ9N2BgLnOcPCQ==
    dependencies:
      "@babel/helper-function-name" "^7.8.3"
      "@babel/helper-plugin-utils" "^7.8.3"
  
  "@babel/plugin-transform-literals@^7.8.3":
    version "7.8.3"
    resolved "https://registry.yarnpkg.com/@babel/plugin-transform-literals/-/plugin-transform-literals-7.8.3.tgz#aef239823d91994ec7b68e55193525d76dbd5dc1"
    integrity sha512-3Tqf8JJ/qB7TeldGl+TT55+uQei9JfYaregDcEAyBZ7akutriFrt6C/wLYIer6OYhleVQvH/ntEhjE/xMmy10A==
    dependencies:
      "@babel/helper-plugin-utils" "^7.8.3"
  
  "@babel/plugin-transform-member-expression-literals@^7.8.3":
    version "7.8.3"
    resolved "https://registry.yarnpkg.com/@babel/plugin-transform-member-expression-literals/-/plugin-transform-member-expression-literals-7.8.3.tgz#963fed4b620ac7cbf6029c755424029fa3a40410"
    integrity sha512-3Wk2EXhnw+rP+IDkK6BdtPKsUE5IeZ6QOGrPYvw52NwBStw9V1ZVzxgK6fSKSxqUvH9eQPR3tm3cOq79HlsKYA==
    dependencies:
      "@babel/helper-plugin-utils" "^7.8.3"
  
  "@babel/plugin-transform-modules-amd@^7.8.3":
    version "7.8.3"
    resolved "https://registry.yarnpkg.com/@babel/plugin-transform-modules-amd/-/plugin-transform-modules-amd-7.8.3.tgz#65606d44616b50225e76f5578f33c568a0b876a5"
    integrity sha512-MadJiU3rLKclzT5kBH4yxdry96odTUwuqrZM+GllFI/VhxfPz+k9MshJM+MwhfkCdxxclSbSBbUGciBngR+kEQ==
    dependencies:
      "@babel/helper-module-transforms" "^7.8.3"
      "@babel/helper-plugin-utils" "^7.8.3"
      babel-plugin-dynamic-import-node "^2.3.0"
  
  "@babel/plugin-transform-modules-commonjs@^7.8.3":
    version "7.8.3"
    resolved "https://registry.yarnpkg.com/@babel/plugin-transform-modules-commonjs/-/plugin-transform-modules-commonjs-7.8.3.tgz#df251706ec331bd058a34bdd72613915f82928a5"
    integrity sha512-JpdMEfA15HZ/1gNuB9XEDlZM1h/gF/YOH7zaZzQu2xCFRfwc01NXBMHHSTT6hRjlXJJs5x/bfODM3LiCk94Sxg==
    dependencies:
      "@babel/helper-module-transforms" "^7.8.3"
      "@babel/helper-plugin-utils" "^7.8.3"
      "@babel/helper-simple-access" "^7.8.3"
      babel-plugin-dynamic-import-node "^2.3.0"
  
  "@babel/plugin-transform-modules-systemjs@^7.8.3":
    version "7.8.3"
    resolved "https://registry.yarnpkg.com/@babel/plugin-transform-modules-systemjs/-/plugin-transform-modules-systemjs-7.8.3.tgz#d8bbf222c1dbe3661f440f2f00c16e9bb7d0d420"
    integrity sha512-8cESMCJjmArMYqa9AO5YuMEkE4ds28tMpZcGZB/jl3n0ZzlsxOAi3mC+SKypTfT8gjMupCnd3YiXCkMjj2jfOg==
    dependencies:
      "@babel/helper-hoist-variables" "^7.8.3"
      "@babel/helper-module-transforms" "^7.8.3"
      "@babel/helper-plugin-utils" "^7.8.3"
      babel-plugin-dynamic-import-node "^2.3.0"
  
  "@babel/plugin-transform-modules-umd@^7.8.3":
    version "7.8.3"
    resolved "https://registry.yarnpkg.com/@babel/plugin-transform-modules-umd/-/plugin-transform-modules-umd-7.8.3.tgz#592d578ce06c52f5b98b02f913d653ffe972661a"
    integrity sha512-evhTyWhbwbI3/U6dZAnx/ePoV7H6OUG+OjiJFHmhr9FPn0VShjwC2kdxqIuQ/+1P50TMrneGzMeyMTFOjKSnAw==
    dependencies:
      "@babel/helper-module-transforms" "^7.8.3"
      "@babel/helper-plugin-utils" "^7.8.3"
  
  "@babel/plugin-transform-named-capturing-groups-regex@^7.8.3":
    version "7.8.3"
    resolved "https://registry.yarnpkg.com/@babel/plugin-transform-named-capturing-groups-regex/-/plugin-transform-named-capturing-groups-regex-7.8.3.tgz#a2a72bffa202ac0e2d0506afd0939c5ecbc48c6c"
    integrity sha512-f+tF/8UVPU86TrCb06JoPWIdDpTNSGGcAtaD9mLP0aYGA0OS0j7j7DHJR0GTFrUZPUU6loZhbsVZgTh0N+Qdnw==
    dependencies:
      "@babel/helper-create-regexp-features-plugin" "^7.8.3"
  
  "@babel/plugin-transform-new-target@^7.8.3":
    version "7.8.3"
    resolved "https://registry.yarnpkg.com/@babel/plugin-transform-new-target/-/plugin-transform-new-target-7.8.3.tgz#60cc2ae66d85c95ab540eb34babb6434d4c70c43"
    integrity sha512-QuSGysibQpyxexRyui2vca+Cmbljo8bcRckgzYV4kRIsHpVeyeC3JDO63pY+xFZ6bWOBn7pfKZTqV4o/ix9sFw==
    dependencies:
      "@babel/helper-plugin-utils" "^7.8.3"
  
  "@babel/plugin-transform-object-super@^7.8.3":
    version "7.8.3"
    resolved "https://registry.yarnpkg.com/@babel/plugin-transform-object-super/-/plugin-transform-object-super-7.8.3.tgz#ebb6a1e7a86ffa96858bd6ac0102d65944261725"
    integrity sha512-57FXk+gItG/GejofIyLIgBKTas4+pEU47IXKDBWFTxdPd7F80H8zybyAY7UoblVfBhBGs2EKM+bJUu2+iUYPDQ==
    dependencies:
      "@babel/helper-plugin-utils" "^7.8.3"
      "@babel/helper-replace-supers" "^7.8.3"
  
  "@babel/plugin-transform-parameters@^7.8.4":
    version "7.8.4"
    resolved "https://registry.yarnpkg.com/@babel/plugin-transform-parameters/-/plugin-transform-parameters-7.8.4.tgz#1d5155de0b65db0ccf9971165745d3bb990d77d3"
    integrity sha512-IsS3oTxeTsZlE5KqzTbcC2sV0P9pXdec53SU+Yxv7o/6dvGM5AkTotQKhoSffhNgZ/dftsSiOoxy7evCYJXzVA==
    dependencies:
      "@babel/helper-call-delegate" "^7.8.3"
      "@babel/helper-get-function-arity" "^7.8.3"
      "@babel/helper-plugin-utils" "^7.8.3"
  
  "@babel/plugin-transform-property-literals@^7.8.3":
    version "7.8.3"
    resolved "https://registry.yarnpkg.com/@babel/plugin-transform-property-literals/-/plugin-transform-property-literals-7.8.3.tgz#33194300d8539c1ed28c62ad5087ba3807b98263"
    integrity sha512-uGiiXAZMqEoQhRWMK17VospMZh5sXWg+dlh2soffpkAl96KAm+WZuJfa6lcELotSRmooLqg0MWdH6UUq85nmmg==
    dependencies:
      "@babel/helper-plugin-utils" "^7.8.3"
  
  "@babel/plugin-transform-react-display-name@7.8.3", "@babel/plugin-transform-react-display-name@^7.8.3":
    version "7.8.3"
    resolved "https://registry.yarnpkg.com/@babel/plugin-transform-react-display-name/-/plugin-transform-react-display-name-7.8.3.tgz#70ded987c91609f78353dd76d2fb2a0bb991e8e5"
    integrity sha512-3Jy/PCw8Fe6uBKtEgz3M82ljt+lTg+xJaM4og+eyu83qLT87ZUSckn0wy7r31jflURWLO83TW6Ylf7lyXj3m5A==
    dependencies:
      "@babel/helper-plugin-utils" "^7.8.3"
  
  "@babel/plugin-transform-react-jsx-self@^7.8.3":
    version "7.8.3"
    resolved "https://registry.yarnpkg.com/@babel/plugin-transform-react-jsx-self/-/plugin-transform-react-jsx-self-7.8.3.tgz#c4f178b2aa588ecfa8d077ea80d4194ee77ed702"
    integrity sha512-01OT7s5oa0XTLf2I8XGsL8+KqV9lx3EZV+jxn/L2LQ97CGKila2YMroTkCEIE0HV/FF7CMSRsIAybopdN9NTdg==
    dependencies:
      "@babel/helper-plugin-utils" "^7.8.3"
      "@babel/plugin-syntax-jsx" "^7.8.3"
  
  "@babel/plugin-transform-react-jsx-source@^7.8.3":
    version "7.8.3"
    resolved "https://registry.yarnpkg.com/@babel/plugin-transform-react-jsx-source/-/plugin-transform-react-jsx-source-7.8.3.tgz#951e75a8af47f9f120db731be095d2b2c34920e0"
    integrity sha512-PLMgdMGuVDtRS/SzjNEQYUT8f4z1xb2BAT54vM1X5efkVuYBf5WyGUMbpmARcfq3NaglIwz08UVQK4HHHbC6ag==
    dependencies:
      "@babel/helper-plugin-utils" "^7.8.3"
      "@babel/plugin-syntax-jsx" "^7.8.3"
  
  "@babel/plugin-transform-react-jsx@^7.8.3":
    version "7.8.3"
    resolved "https://registry.yarnpkg.com/@babel/plugin-transform-react-jsx/-/plugin-transform-react-jsx-7.8.3.tgz#4220349c0390fdefa505365f68c103562ab2fc4a"
    integrity sha512-r0h+mUiyL595ikykci+fbwm9YzmuOrUBi0b+FDIKmi3fPQyFokWVEMJnRWHJPPQEjyFJyna9WZC6Viv6UHSv1g==
    dependencies:
      "@babel/helper-builder-react-jsx" "^7.8.3"
      "@babel/helper-plugin-utils" "^7.8.3"
      "@babel/plugin-syntax-jsx" "^7.8.3"
  
  "@babel/plugin-transform-regenerator@^7.8.3":
    version "7.8.3"
    resolved "https://registry.yarnpkg.com/@babel/plugin-transform-regenerator/-/plugin-transform-regenerator-7.8.3.tgz#b31031e8059c07495bf23614c97f3d9698bc6ec8"
    integrity sha512-qt/kcur/FxrQrzFR432FGZznkVAjiyFtCOANjkAKwCbt465L6ZCiUQh2oMYGU3Wo8LRFJxNDFwWn106S5wVUNA==
    dependencies:
      regenerator-transform "^0.14.0"
  
  "@babel/plugin-transform-reserved-words@^7.8.3":
    version "7.8.3"
    resolved "https://registry.yarnpkg.com/@babel/plugin-transform-reserved-words/-/plugin-transform-reserved-words-7.8.3.tgz#9a0635ac4e665d29b162837dd3cc50745dfdf1f5"
    integrity sha512-mwMxcycN3omKFDjDQUl+8zyMsBfjRFr0Zn/64I41pmjv4NJuqcYlEtezwYtw9TFd9WR1vN5kiM+O0gMZzO6L0A==
    dependencies:
      "@babel/helper-plugin-utils" "^7.8.3"
  
  "@babel/plugin-transform-runtime@7.8.3":
    version "7.8.3"
    resolved "https://registry.yarnpkg.com/@babel/plugin-transform-runtime/-/plugin-transform-runtime-7.8.3.tgz#c0153bc0a5375ebc1f1591cb7eea223adea9f169"
    integrity sha512-/vqUt5Yh+cgPZXXjmaG9NT8aVfThKk7G4OqkVhrXqwsC5soMn/qTCxs36rZ2QFhpfTJcjw4SNDIZ4RUb8OL4jQ==
    dependencies:
      "@babel/helper-module-imports" "^7.8.3"
      "@babel/helper-plugin-utils" "^7.8.3"
      resolve "^1.8.1"
      semver "^5.5.1"
  
  "@babel/plugin-transform-shorthand-properties@^7.8.3":
    version "7.8.3"
    resolved "https://registry.yarnpkg.com/@babel/plugin-transform-shorthand-properties/-/plugin-transform-shorthand-properties-7.8.3.tgz#28545216e023a832d4d3a1185ed492bcfeac08c8"
    integrity sha512-I9DI6Odg0JJwxCHzbzW08ggMdCezoWcuQRz3ptdudgwaHxTjxw5HgdFJmZIkIMlRymL6YiZcped4TTCB0JcC8w==
    dependencies:
      "@babel/helper-plugin-utils" "^7.8.3"
  
  "@babel/plugin-transform-spread@^7.8.3":
    version "7.8.3"
    resolved "https://registry.yarnpkg.com/@babel/plugin-transform-spread/-/plugin-transform-spread-7.8.3.tgz#9c8ffe8170fdfb88b114ecb920b82fb6e95fe5e8"
    integrity sha512-CkuTU9mbmAoFOI1tklFWYYbzX5qCIZVXPVy0jpXgGwkplCndQAa58s2jr66fTeQnA64bDox0HL4U56CFYoyC7g==
    dependencies:
      "@babel/helper-plugin-utils" "^7.8.3"
  
  "@babel/plugin-transform-sticky-regex@^7.8.3":
    version "7.8.3"
    resolved "https://registry.yarnpkg.com/@babel/plugin-transform-sticky-regex/-/plugin-transform-sticky-regex-7.8.3.tgz#be7a1290f81dae767475452199e1f76d6175b100"
    integrity sha512-9Spq0vGCD5Bb4Z/ZXXSK5wbbLFMG085qd2vhL1JYu1WcQ5bXqZBAYRzU1d+p79GcHs2szYv5pVQCX13QgldaWw==
    dependencies:
      "@babel/helper-plugin-utils" "^7.8.3"
      "@babel/helper-regex" "^7.8.3"
  
  "@babel/plugin-transform-template-literals@^7.8.3":
    version "7.8.3"
    resolved "https://registry.yarnpkg.com/@babel/plugin-transform-template-literals/-/plugin-transform-template-literals-7.8.3.tgz#7bfa4732b455ea6a43130adc0ba767ec0e402a80"
    integrity sha512-820QBtykIQOLFT8NZOcTRJ1UNuztIELe4p9DCgvj4NK+PwluSJ49we7s9FB1HIGNIYT7wFUJ0ar2QpCDj0escQ==
    dependencies:
      "@babel/helper-annotate-as-pure" "^7.8.3"
      "@babel/helper-plugin-utils" "^7.8.3"
  
  "@babel/plugin-transform-typeof-symbol@^7.8.4":
    version "7.8.4"
    resolved "https://registry.yarnpkg.com/@babel/plugin-transform-typeof-symbol/-/plugin-transform-typeof-symbol-7.8.4.tgz#ede4062315ce0aaf8a657a920858f1a2f35fc412"
    integrity sha512-2QKyfjGdvuNfHsb7qnBBlKclbD4CfshH2KvDabiijLMGXPHJXGxtDzwIF7bQP+T0ysw8fYTtxPafgfs/c1Lrqg==
    dependencies:
      "@babel/helper-plugin-utils" "^7.8.3"
  
  "@babel/plugin-transform-typescript@^7.8.3":
    version "7.8.3"
    resolved "https://registry.yarnpkg.com/@babel/plugin-transform-typescript/-/plugin-transform-typescript-7.8.3.tgz#be6f01a7ef423be68e65ace1f04fc407e6d88917"
    integrity sha512-Ebj230AxcrKGZPKIp4g4TdQLrqX95TobLUWKd/CwG7X1XHUH1ZpkpFvXuXqWbtGRWb7uuEWNlrl681wsOArAdQ==
    dependencies:
      "@babel/helper-create-class-features-plugin" "^7.8.3"
      "@babel/helper-plugin-utils" "^7.8.3"
      "@babel/plugin-syntax-typescript" "^7.8.3"
  
  "@babel/plugin-transform-unicode-regex@^7.8.3":
    version "7.8.3"
    resolved "https://registry.yarnpkg.com/@babel/plugin-transform-unicode-regex/-/plugin-transform-unicode-regex-7.8.3.tgz#0cef36e3ba73e5c57273effb182f46b91a1ecaad"
    integrity sha512-+ufgJjYdmWfSQ+6NS9VGUR2ns8cjJjYbrbi11mZBTaWm+Fui/ncTLFF28Ei1okavY+xkojGr1eJxNsWYeA5aZw==
    dependencies:
      "@babel/helper-create-regexp-features-plugin" "^7.8.3"
      "@babel/helper-plugin-utils" "^7.8.3"
  
  "@babel/preset-env@7.8.4":
    version "7.8.4"
    resolved "https://registry.yarnpkg.com/@babel/preset-env/-/preset-env-7.8.4.tgz#9dac6df5f423015d3d49b6e9e5fa3413e4a72c4e"
    integrity sha512-HihCgpr45AnSOHRbS5cWNTINs0TwaR8BS8xIIH+QwiW8cKL0llV91njQMpeMReEPVs+1Ao0x3RLEBLtt1hOq4w==
    dependencies:
      "@babel/compat-data" "^7.8.4"
      "@babel/helper-compilation-targets" "^7.8.4"
      "@babel/helper-module-imports" "^7.8.3"
      "@babel/helper-plugin-utils" "^7.8.3"
      "@babel/plugin-proposal-async-generator-functions" "^7.8.3"
      "@babel/plugin-proposal-dynamic-import" "^7.8.3"
      "@babel/plugin-proposal-json-strings" "^7.8.3"
      "@babel/plugin-proposal-nullish-coalescing-operator" "^7.8.3"
      "@babel/plugin-proposal-object-rest-spread" "^7.8.3"
      "@babel/plugin-proposal-optional-catch-binding" "^7.8.3"
      "@babel/plugin-proposal-optional-chaining" "^7.8.3"
      "@babel/plugin-proposal-unicode-property-regex" "^7.8.3"
      "@babel/plugin-syntax-async-generators" "^7.8.0"
      "@babel/plugin-syntax-dynamic-import" "^7.8.0"
      "@babel/plugin-syntax-json-strings" "^7.8.0"
      "@babel/plugin-syntax-nullish-coalescing-operator" "^7.8.0"
      "@babel/plugin-syntax-object-rest-spread" "^7.8.0"
      "@babel/plugin-syntax-optional-catch-binding" "^7.8.0"
      "@babel/plugin-syntax-optional-chaining" "^7.8.0"
      "@babel/plugin-syntax-top-level-await" "^7.8.3"
      "@babel/plugin-transform-arrow-functions" "^7.8.3"
      "@babel/plugin-transform-async-to-generator" "^7.8.3"
      "@babel/plugin-transform-block-scoped-functions" "^7.8.3"
      "@babel/plugin-transform-block-scoping" "^7.8.3"
      "@babel/plugin-transform-classes" "^7.8.3"
      "@babel/plugin-transform-computed-properties" "^7.8.3"
      "@babel/plugin-transform-destructuring" "^7.8.3"
      "@babel/plugin-transform-dotall-regex" "^7.8.3"
      "@babel/plugin-transform-duplicate-keys" "^7.8.3"
      "@babel/plugin-transform-exponentiation-operator" "^7.8.3"
      "@babel/plugin-transform-for-of" "^7.8.4"
      "@babel/plugin-transform-function-name" "^7.8.3"
      "@babel/plugin-transform-literals" "^7.8.3"
      "@babel/plugin-transform-member-expression-literals" "^7.8.3"
      "@babel/plugin-transform-modules-amd" "^7.8.3"
      "@babel/plugin-transform-modules-commonjs" "^7.8.3"
      "@babel/plugin-transform-modules-systemjs" "^7.8.3"
      "@babel/plugin-transform-modules-umd" "^7.8.3"
      "@babel/plugin-transform-named-capturing-groups-regex" "^7.8.3"
      "@babel/plugin-transform-new-target" "^7.8.3"
      "@babel/plugin-transform-object-super" "^7.8.3"
      "@babel/plugin-transform-parameters" "^7.8.4"
      "@babel/plugin-transform-property-literals" "^7.8.3"
      "@babel/plugin-transform-regenerator" "^7.8.3"
      "@babel/plugin-transform-reserved-words" "^7.8.3"
      "@babel/plugin-transform-shorthand-properties" "^7.8.3"
      "@babel/plugin-transform-spread" "^7.8.3"
      "@babel/plugin-transform-sticky-regex" "^7.8.3"
      "@babel/plugin-transform-template-literals" "^7.8.3"
      "@babel/plugin-transform-typeof-symbol" "^7.8.4"
      "@babel/plugin-transform-unicode-regex" "^7.8.3"
      "@babel/types" "^7.8.3"
      browserslist "^4.8.5"
      core-js-compat "^3.6.2"
      invariant "^2.2.2"
      levenary "^1.1.1"
      semver "^5.5.0"
  
  "@babel/preset-react@7.8.3":
    version "7.8.3"
    resolved "https://registry.yarnpkg.com/@babel/preset-react/-/preset-react-7.8.3.tgz#23dc63f1b5b0751283e04252e78cf1d6589273d2"
    integrity sha512-9hx0CwZg92jGb7iHYQVgi0tOEHP/kM60CtWJQnmbATSPIQQ2xYzfoCI3EdqAhFBeeJwYMdWQuDUHMsuDbH9hyQ==
    dependencies:
      "@babel/helper-plugin-utils" "^7.8.3"
      "@babel/plugin-transform-react-display-name" "^7.8.3"
      "@babel/plugin-transform-react-jsx" "^7.8.3"
      "@babel/plugin-transform-react-jsx-self" "^7.8.3"
      "@babel/plugin-transform-react-jsx-source" "^7.8.3"
  
  "@babel/preset-typescript@7.8.3":
    version "7.8.3"
    resolved "https://registry.yarnpkg.com/@babel/preset-typescript/-/preset-typescript-7.8.3.tgz#90af8690121beecd9a75d0cc26c6be39d1595d13"
    integrity sha512-qee5LgPGui9zQ0jR1TeU5/fP9L+ovoArklEqY12ek8P/wV5ZeM/VYSQYwICeoT6FfpJTekG9Ilay5PhwsOpMHA==
    dependencies:
      "@babel/helper-plugin-utils" "^7.8.3"
      "@babel/plugin-transform-typescript" "^7.8.3"
  
  "@babel/runtime@7.8.4", "@babel/runtime@^7.6.3", "@babel/runtime@^7.7.2":
    version "7.8.4"
    resolved "https://registry.yarnpkg.com/@babel/runtime/-/runtime-7.8.4.tgz#d79f5a2040f7caa24d53e563aad49cbc05581308"
    integrity sha512-neAp3zt80trRVBI1x0azq6c57aNBqYZH8KhMm3TaB7wEI5Q4A2SHfBHE8w9gOhI/lrqxtEbXZgQIrHP+wvSGwQ==
    dependencies:
      regenerator-runtime "^0.13.2"
  
  "@babel/template@^7.8.3":
    version "7.8.3"
    resolved "https://registry.yarnpkg.com/@babel/template/-/template-7.8.3.tgz#e02ad04fe262a657809327f578056ca15fd4d1b8"
    integrity sha512-04m87AcQgAFdvuoyiQ2kgELr2tV8B4fP/xJAVUL3Yb3bkNdMedD3d0rlSQr3PegP0cms3eHjl1F7PWlvWbU8FQ==
    dependencies:
      "@babel/code-frame" "^7.8.3"
      "@babel/parser" "^7.8.3"
      "@babel/types" "^7.8.3"
  
  "@babel/traverse@^7.8.3", "@babel/traverse@^7.8.4":
    version "7.8.4"
    resolved "https://registry.yarnpkg.com/@babel/traverse/-/traverse-7.8.4.tgz#f0845822365f9d5b0e312ed3959d3f827f869e3c"
    integrity sha512-NGLJPZwnVEyBPLI+bl9y9aSnxMhsKz42so7ApAv9D+b4vAFPpY013FTS9LdKxcABoIYFU52HcYga1pPlx454mg==
    dependencies:
      "@babel/code-frame" "^7.8.3"
      "@babel/generator" "^7.8.4"
      "@babel/helper-function-name" "^7.8.3"
      "@babel/helper-split-export-declaration" "^7.8.3"
      "@babel/parser" "^7.8.4"
      "@babel/types" "^7.8.3"
      debug "^4.1.0"
      globals "^11.1.0"
      lodash "^4.17.13"
  
  "@babel/types@^7.8.3":
    version "7.8.3"
    resolved "https://registry.yarnpkg.com/@babel/types/-/types-7.8.3.tgz#5a383dffa5416db1b73dedffd311ffd0788fb31c"
    integrity sha512-jBD+G8+LWpMBBWvVcdr4QysjUE4mU/syrhN17o1u3gx0/WzJB1kwiVZAXRtWbsIPOwW8pF/YJV5+nmetPzepXg==
    dependencies:
      esutils "^2.0.2"
      lodash "^4.17.13"
      to-fast-properties "^2.0.0"
  
  "@types/parse-json@^4.0.0":
    version "4.0.0"
    resolved "https://registry.yarnpkg.com/@types/parse-json/-/parse-json-4.0.0.tgz#2f8bb441434d163b35fb8ffdccd7138927ffb8c0"
    integrity sha512-//oorEZjL6sbPcKUaCdIGlIUeH26mgzimjBB77G6XRgnDl/L5wOnpyBGRe/Mmf5CVW3PwEBE1NjiMZ/ssFh4wA==
  
  ansi-regex@^2.0.0:
    version "2.1.1"
    resolved "https://registry.yarnpkg.com/ansi-regex/-/ansi-regex-2.1.1.tgz#c3b33ab5ee360d86e0e628f0468ae7ef27d654df"
    integrity sha1-w7M6te42DYbg5ijwRorn7yfWVN8=
  
  ansi-styles@^2.2.1:
    version "2.2.1"
    resolved "https://registry.yarnpkg.com/ansi-styles/-/ansi-styles-2.2.1.tgz#b432dd3358b634cf75e1e4664368240533c1ddbe"
    integrity sha1-tDLdM1i2NM914eRmQ2gkBTPB3b4=
  
  ansi-styles@^3.2.1:
    version "3.2.1"
    resolved "https://registry.yarnpkg.com/ansi-styles/-/ansi-styles-3.2.1.tgz#41fbb20243e50b12be0f04b8dedbf07520ce841d"
    integrity sha512-VT0ZI6kZRdTh8YyJw3SMbYm/u+NqfsAxEpWO0Pf9sq8/e94WxxOpPKx9FR1FlyCtOVDNOQ+8ntlqFxiRc+r5qA==
    dependencies:
      color-convert "^1.9.0"
  
  babel-code-frame@^6.26.0:
    version "6.26.0"
    resolved "https://registry.yarnpkg.com/babel-code-frame/-/babel-code-frame-6.26.0.tgz#63fd43f7dc1e3bb7ce35947db8fe369a3f58c74b"
    integrity sha1-Y/1D99weO7fONZR9uP42mj9Yx0s=
    dependencies:
      chalk "^1.1.3"
      esutils "^2.0.2"
      js-tokens "^3.0.2"
  
  babel-core@^6.26.0, babel-core@^6.26.3:
    version "6.26.3"
    resolved "https://registry.yarnpkg.com/babel-core/-/babel-core-6.26.3.tgz#b2e2f09e342d0f0c88e2f02e067794125e75c207"
    integrity sha512-6jyFLuDmeidKmUEb3NM+/yawG0M2bDZ9Z1qbZP59cyHLz8kYGKYwpJP0UwUKKUiTRNvxfLesJnTedqczP7cTDA==
    dependencies:
      babel-code-frame "^6.26.0"
      babel-generator "^6.26.0"
      babel-helpers "^6.24.1"
      babel-messages "^6.23.0"
      babel-register "^6.26.0"
      babel-runtime "^6.26.0"
      babel-template "^6.26.0"
      babel-traverse "^6.26.0"
      babel-types "^6.26.0"
      babylon "^6.18.0"
      convert-source-map "^1.5.1"
      debug "^2.6.9"
      json5 "^0.5.1"
      lodash "^4.17.4"
      minimatch "^3.0.4"
      path-is-absolute "^1.0.1"
      private "^0.1.8"
      slash "^1.0.0"
      source-map "^0.5.7"
  
  babel-generator@^6.26.0:
    version "6.26.1"
    resolved "https://registry.yarnpkg.com/babel-generator/-/babel-generator-6.26.1.tgz#1844408d3b8f0d35a404ea7ac180f087a601bd90"
    integrity sha512-HyfwY6ApZj7BYTcJURpM5tznulaBvyio7/0d4zFOeMPUmfxkCjHocCuoLa2SAGzBI8AREcH3eP3758F672DppA==
    dependencies:
      babel-messages "^6.23.0"
      babel-runtime "^6.26.0"
      babel-types "^6.26.0"
      detect-indent "^4.0.0"
      jsesc "^1.3.0"
      lodash "^4.17.4"
      source-map "^0.5.7"
      trim-right "^1.0.1"
  
  babel-helpers@^6.24.1:
    version "6.24.1"
    resolved "https://registry.yarnpkg.com/babel-helpers/-/babel-helpers-6.24.1.tgz#3471de9caec388e5c850e597e58a26ddf37602b2"
    integrity sha1-NHHenK7DiOXIUOWX5Yom3fN2ArI=
    dependencies:
      babel-runtime "^6.22.0"
      babel-template "^6.24.1"
  
  babel-loader@^8.0.6:
    version "8.0.6"
    resolved "https://registry.yarnpkg.com/babel-loader/-/babel-loader-8.0.6.tgz#e33bdb6f362b03f4bb141a0c21ab87c501b70dfb"
    integrity sha512-4BmWKtBOBm13uoUwd08UwjZlaw3O9GWf456R9j+5YykFZ6LUIjIKLc0zEZf+hauxPOJs96C8k6FvYD09vWzhYw==
    dependencies:
      find-cache-dir "^2.0.0"
      loader-utils "^1.0.2"
      mkdirp "^0.5.1"
      pify "^4.0.1"
  
  babel-messages@^6.23.0:
    version "6.23.0"
    resolved "https://registry.yarnpkg.com/babel-messages/-/babel-messages-6.23.0.tgz#f3cdf4703858035b2a2951c6ec5edf6c62f2630e"
    integrity sha1-8830cDhYA1sqKVHG7F7fbGLyYw4=
    dependencies:
      babel-runtime "^6.22.0"
  
  babel-plugin-dynamic-import-node@^2.3.0:
    version "2.3.0"
    resolved "https://registry.yarnpkg.com/babel-plugin-dynamic-import-node/-/babel-plugin-dynamic-import-node-2.3.0.tgz#f00f507bdaa3c3e3ff6e7e5e98d90a7acab96f7f"
    integrity sha512-o6qFkpeQEBxcqt0XYlWzAVxNCSCZdUgcR8IRlhD/8DylxjjO4foPcvTW0GGKa/cVt3rvxZ7o5ippJ+/0nvLhlQ==
    dependencies:
      object.assign "^4.1.0"
  
  babel-plugin-macros@2.8.0:
    version "2.8.0"
    resolved "https://registry.yarnpkg.com/babel-plugin-macros/-/babel-plugin-macros-2.8.0.tgz#0f958a7cc6556b1e65344465d99111a1e5e10138"
    integrity sha512-SEP5kJpfGYqYKpBrj5XU3ahw5p5GOHJ0U5ssOSQ/WBVdwkD2Dzlce95exQTs3jOVWPPKLBN2rlEWkCK7dSmLvg==
    dependencies:
      "@babel/runtime" "^7.7.2"
      cosmiconfig "^6.0.0"
      resolve "^1.12.0"
  
  babel-plugin-transform-react-remove-prop-types@0.4.24:
    version "0.4.24"
    resolved "https://registry.yarnpkg.com/babel-plugin-transform-react-remove-prop-types/-/babel-plugin-transform-react-remove-prop-types-0.4.24.tgz#f2edaf9b4c6a5fbe5c1d678bfb531078c1555f3a"
    integrity sha512-eqj0hVcJUR57/Ug2zE1Yswsw4LhuqqHhD+8v120T1cl3kjg76QwtyBrdIk4WVwK+lAhBJVYCd/v+4nc4y+8JsA==
  
  babel-preset-react-app@^9.1.1:
    version "9.1.1"
    resolved "https://registry.yarnpkg.com/babel-preset-react-app/-/babel-preset-react-app-9.1.1.tgz#d1ceb47cbe48b285fdd5c562c54c432ed5a41e0e"
    integrity sha512-YkWP2UwY//TLltNlEBRngDOrYhvSLb+CA330G7T9M5UhGEMWe+JK/8IXJc5p2fDTSfSiETf+PY0+PYXFMix81Q==
    dependencies:
      "@babel/core" "7.8.4"
      "@babel/plugin-proposal-class-properties" "7.8.3"
      "@babel/plugin-proposal-decorators" "7.8.3"
      "@babel/plugin-proposal-numeric-separator" "7.8.3"
      "@babel/plugin-transform-flow-strip-types" "7.8.3"
      "@babel/plugin-transform-react-display-name" "7.8.3"
      "@babel/plugin-transform-runtime" "7.8.3"
      "@babel/preset-env" "7.8.4"
      "@babel/preset-react" "7.8.3"
      "@babel/preset-typescript" "7.8.3"
      "@babel/runtime" "7.8.4"
      babel-plugin-macros "2.8.0"
      babel-plugin-transform-react-remove-prop-types "0.4.24"
  
  babel-register@^6.26.0:
    version "6.26.0"
    resolved "https://registry.yarnpkg.com/babel-register/-/babel-register-6.26.0.tgz#6ed021173e2fcb486d7acb45c6009a856f647071"
    integrity sha1-btAhFz4vy0htestFxgCahW9kcHE=
    dependencies:
      babel-core "^6.26.0"
      babel-runtime "^6.26.0"
      core-js "^2.5.0"
      home-or-tmp "^2.0.0"
      lodash "^4.17.4"
      mkdirp "^0.5.1"
      source-map-support "^0.4.15"
  
  babel-runtime@^6.22.0, babel-runtime@^6.26.0:
    version "6.26.0"
    resolved "https://registry.yarnpkg.com/babel-runtime/-/babel-runtime-6.26.0.tgz#965c7058668e82b55d7bfe04ff2337bc8b5647fe"
    integrity sha1-llxwWGaOgrVde/4E/yM3vItWR/4=
    dependencies:
      core-js "^2.4.0"
      regenerator-runtime "^0.11.0"
  
  babel-template@^6.24.1, babel-template@^6.26.0:
    version "6.26.0"
    resolved "https://registry.yarnpkg.com/babel-template/-/babel-template-6.26.0.tgz#de03e2d16396b069f46dd9fff8521fb1a0e35e02"
    integrity sha1-3gPi0WOWsGn0bdn/+FIfsaDjXgI=
    dependencies:
      babel-runtime "^6.26.0"
      babel-traverse "^6.26.0"
      babel-types "^6.26.0"
      babylon "^6.18.0"
      lodash "^4.17.4"
  
  babel-traverse@^6.26.0:
    version "6.26.0"
    resolved "https://registry.yarnpkg.com/babel-traverse/-/babel-traverse-6.26.0.tgz#46a9cbd7edcc62c8e5c064e2d2d8d0f4035766ee"
    integrity sha1-RqnL1+3MYsjlwGTi0tjQ9ANXZu4=
    dependencies:
      babel-code-frame "^6.26.0"
      babel-messages "^6.23.0"
      babel-runtime "^6.26.0"
      babel-types "^6.26.0"
      babylon "^6.18.0"
      debug "^2.6.8"
      globals "^9.18.0"
      invariant "^2.2.2"
      lodash "^4.17.4"
  
  babel-types@^6.26.0:
    version "6.26.0"
    resolved "https://registry.yarnpkg.com/babel-types/-/babel-types-6.26.0.tgz#a3b073f94ab49eb6fa55cd65227a334380632497"
    integrity sha1-o7Bz+Uq0nrb6Vc1lInozQ4BjJJc=
    dependencies:
      babel-runtime "^6.26.0"
      esutils "^2.0.2"
      lodash "^4.17.4"
      to-fast-properties "^1.0.3"
  
  babylon@^6.18.0:
    version "6.18.0"
    resolved "https://registry.yarnpkg.com/babylon/-/babylon-6.18.0.tgz#af2f3b88fa6f5c1e4c634d1a0f8eac4f55b395e3"
    integrity sha512-q/UEjfGJ2Cm3oKV71DJz9d25TPnq5rhBVL2Q4fA5wcC3jcrdn7+SssEybFIxwAvvP+YCsCYNKughoF33GxgycQ==
  
  balanced-match@^1.0.0:
    version "1.0.0"
    resolved "https://registry.yarnpkg.com/balanced-match/-/balanced-match-1.0.0.tgz#89b4d199ab2bee49de164ea02b89ce462d71b767"
    integrity sha1-ibTRmasr7kneFk6gK4nORi1xt2c=
  
  big.js@^5.2.2:
    version "5.2.2"
    resolved "https://registry.yarnpkg.com/big.js/-/big.js-5.2.2.tgz#65f0af382f578bcdc742bd9c281e9cb2d7768328"
    integrity sha512-vyL2OymJxmarO8gxMr0mhChsO9QGwhynfuu4+MHTAW6czfq9humCB7rKpUjDd9YUiDPU4mzpyupFSvOClAwbmQ==
  
  brace-expansion@^1.1.7:
    version "1.1.11"
    resolved "https://registry.yarnpkg.com/brace-expansion/-/brace-expansion-1.1.11.tgz#3c7fcbf529d87226f3d2f52b966ff5271eb441dd"
    integrity sha512-iCuPHDFgrHX7H2vEI/5xpz07zSHB00TpugqhmYtVmMO6518mCuRMoOYFldEBl0g187ufozdaHgWKcYFb61qGiA==
    dependencies:
      balanced-match "^1.0.0"
      concat-map "0.0.1"
  
  browserslist@^4.8.3, browserslist@^4.8.5:
    version "4.8.7"
    resolved "https://registry.yarnpkg.com/browserslist/-/browserslist-4.8.7.tgz#ec8301ff415e6a42c949d0e66b405eb539c532d0"
    integrity sha512-gFOnZNYBHrEyUML0xr5NJ6edFaaKbTFX9S9kQHlYfCP0Rit/boRIz4G+Avq6/4haEKJXdGGUnoolx+5MWW2BoA==
    dependencies:
      caniuse-lite "^1.0.30001027"
      electron-to-chromium "^1.3.349"
      node-releases "^1.1.49"
  
  callsites@^3.0.0:
    version "3.1.0"
    resolved "https://registry.yarnpkg.com/callsites/-/callsites-3.1.0.tgz#b3630abd8943432f54b3f0519238e33cd7df2f73"
    integrity sha512-P8BjAsXvZS+VIDUI11hHCQEv74YT67YUi5JJFNWIqL235sBmjX4+qx9Muvls5ivyNENctx46xQLQ3aTuE7ssaQ==
  
  caniuse-lite@^1.0.30001027:
    version "1.0.30001028"
    resolved "https://registry.yarnpkg.com/caniuse-lite/-/caniuse-lite-1.0.30001028.tgz#f2241242ac70e0fa9cda55c2776d32a0867971c2"
    integrity sha512-Vnrq+XMSHpT7E+LWoIYhs3Sne8h9lx9YJV3acH3THNCwU/9zV93/ta4xVfzTtnqd3rvnuVpVjE3DFqf56tr3aQ==
  
  chalk@^1.1.3:
    version "1.1.3"
    resolved "https://registry.yarnpkg.com/chalk/-/chalk-1.1.3.tgz#a8115c55e4a702fe4d150abd3872822a7e09fc98"
    integrity sha1-qBFcVeSnAv5NFQq9OHKCKn4J/Jg=
    dependencies:
      ansi-styles "^2.2.1"
      escape-string-regexp "^1.0.2"
      has-ansi "^2.0.0"
      strip-ansi "^3.0.0"
      supports-color "^2.0.0"
  
  chalk@^2.0.0:
    version "2.4.2"
    resolved "https://registry.yarnpkg.com/chalk/-/chalk-2.4.2.tgz#cd42541677a54333cf541a49108c1432b44c9424"
    integrity sha512-Mti+f9lpJNcwF4tWV8/OrTTtF1gZi+f8FqlyAdouralcFWFQWF2+NgCHShjkCb+IFBLq9buZwE1xckQU4peSuQ==
    dependencies:
      ansi-styles "^3.2.1"
      escape-string-regexp "^1.0.5"
      supports-color "^5.3.0"
  
  color-convert@^1.9.0:
    version "1.9.3"
    resolved "https://registry.yarnpkg.com/color-convert/-/color-convert-1.9.3.tgz#bb71850690e1f136567de629d2d5471deda4c1e8"
    integrity sha512-QfAUtd+vFdAtFQcC8CCyYt1fYWxSqAiK2cSD6zDB8N3cpsEBAvRxp9zOGg6G/SHHJYAT88/az/IuDGALsNVbGg==
    dependencies:
      color-name "1.1.3"
  
  color-name@1.1.3:
    version "1.1.3"
    resolved "https://registry.yarnpkg.com/color-name/-/color-name-1.1.3.tgz#a7d0558bd89c42f795dd42328f740831ca53bc25"
    integrity sha1-p9BVi9icQveV3UIyj3QIMcpTvCU=
  
  commondir@^1.0.1:
    version "1.0.1"
    resolved "https://registry.yarnpkg.com/commondir/-/commondir-1.0.1.tgz#ddd800da0c66127393cca5950ea968a3aaf1253b"
    integrity sha1-3dgA2gxmEnOTzKWVDqloo6rxJTs=
  
  concat-map@0.0.1:
    version "0.0.1"
    resolved "https://registry.yarnpkg.com/concat-map/-/concat-map-0.0.1.tgz#d8a96bd77fd68df7793a73036a3ba0d5405d477b"
    integrity sha1-2Klr13/Wjfd5OnMDajug1UBdR3s=
  
  convert-source-map@^1.5.1, convert-source-map@^1.7.0:
    version "1.7.0"
    resolved "https://registry.yarnpkg.com/convert-source-map/-/convert-source-map-1.7.0.tgz#17a2cb882d7f77d3490585e2ce6c524424a3a442"
    integrity sha512-4FJkXzKXEDB1snCFZlLP4gpC3JILicCpGbzG9f9G7tGqGCzETQ2hWPrcinA9oU4wtf2biUaEH5065UnMeR33oA==
    dependencies:
      safe-buffer "~5.1.1"
  
  core-js-compat@^3.6.2:
    version "3.6.4"
    resolved "https://registry.yarnpkg.com/core-js-compat/-/core-js-compat-3.6.4.tgz#938476569ebb6cda80d339bcf199fae4f16fff17"
    integrity sha512-zAa3IZPvsJ0slViBQ2z+vgyyTuhd3MFn1rBQjZSKVEgB0UMYhUkCj9jJUVPgGTGqWvsBVmfnruXgTcNyTlEiSA==
    dependencies:
      browserslist "^4.8.3"
      semver "7.0.0"
  
  core-js@^2.4.0, core-js@^2.5.0:
    version "2.6.11"
    resolved "https://registry.yarnpkg.com/core-js/-/core-js-2.6.11.tgz#38831469f9922bded8ee21c9dc46985e0399308c"
    integrity sha512-5wjnpaT/3dV+XB4borEsnAYQchn00XSgTAWKDkEqv+K8KevjbzmofK6hfJ9TZIlpj2N0xQpazy7PiRQiWHqzWg==
  
  cosmiconfig@^6.0.0:
    version "6.0.0"
    resolved "https://registry.yarnpkg.com/cosmiconfig/-/cosmiconfig-6.0.0.tgz#da4fee853c52f6b1e6935f41c1a2fc50bd4a9982"
    integrity sha512-xb3ZL6+L8b9JLLCx3ZdoZy4+2ECphCMo2PwqgP1tlfVq6M6YReyzBJtvWWtbDSpNr9hn96pkCiZqUcFEc+54Qg==
    dependencies:
      "@types/parse-json" "^4.0.0"
      import-fresh "^3.1.0"
      parse-json "^5.0.0"
      path-type "^4.0.0"
      yaml "^1.7.2"
  
  debug@^2.6.8, debug@^2.6.9:
    version "2.6.9"
    resolved "https://registry.yarnpkg.com/debug/-/debug-2.6.9.tgz#5d128515df134ff327e90a4c93f4e077a536341f"
    integrity sha512-bC7ElrdJaJnPbAP+1EotYvqZsb3ecl5wi6Bfi6BJTUcNowp6cvspg0jXznRTKDjm/E7AdgFBVeAPVMNcKGsHMA==
    dependencies:
      ms "2.0.0"
  
  debug@^4.1.0:
    version "4.1.1"
    resolved "https://registry.yarnpkg.com/debug/-/debug-4.1.1.tgz#3b72260255109c6b589cee050f1d516139664791"
    integrity sha512-pYAIzeRo8J6KPEaJ0VWOh5Pzkbw/RetuzehGM7QRRX5he4fPHx2rdKMB256ehJCkX+XRQm16eZLqLNS8RSZXZw==
    dependencies:
      ms "^2.1.1"
  
  define-properties@^1.1.2:
    version "1.1.3"
    resolved "https://registry.yarnpkg.com/define-properties/-/define-properties-1.1.3.tgz#cf88da6cbee26fe6db7094f61d870cbd84cee9f1"
    integrity sha512-3MqfYKj2lLzdMSf8ZIZE/V+Zuy+BgD6f164e8K2w7dgnpKArBDerGYpM46IYYcjnkdPNMjPk9A6VFB8+3SKlXQ==
    dependencies:
      object-keys "^1.0.12"
  
  detect-indent@^4.0.0:
    version "4.0.0"
    resolved "https://registry.yarnpkg.com/detect-indent/-/detect-indent-4.0.0.tgz#f76d064352cdf43a1cb6ce619c4ee3a9475de208"
    integrity sha1-920GQ1LN9Docts5hnE7jqUdd4gg=
    dependencies:
      repeating "^2.0.0"
  
  electron-to-chromium@^1.3.349:
    version "1.3.359"
    resolved "https://registry.yarnpkg.com/electron-to-chromium/-/electron-to-chromium-1.3.359.tgz#198d44baf90a432c0afab9c1edec87a3031ddec9"
    integrity sha512-ewZp4BQftbLclBwmFYoTrlyiLMXQTiYeqh1hn24sWao9bGhUHzQtpytymN8JsenWlQ9SbBWynTPvfghb0Ipn1Q==
  
  emojis-list@^3.0.0:
    version "3.0.0"
    resolved "https://registry.yarnpkg.com/emojis-list/-/emojis-list-3.0.0.tgz#5570662046ad29e2e916e71aae260abdff4f6a78"
    integrity sha512-/kyM18EfinwXZbno9FyUGeFh87KC8HRQBQGildHZbEuRyWFOmv1U10o9BBp8XVZDVNNuQKyIGIu5ZYAAXJ0V2Q==
  
  error-ex@^1.3.1:
    version "1.3.2"
    resolved "https://registry.yarnpkg.com/error-ex/-/error-ex-1.3.2.tgz#b4ac40648107fdcdcfae242f428bea8a14d4f1bf"
    integrity sha512-7dFHNmqeFSEt2ZBsCriorKnn3Z2pj+fd9kmI6QoWw4//DL+icEBfc0U7qJCisqrTsKTjw4fNFy2pW9OqStD84g==
    dependencies:
      is-arrayish "^0.2.1"
  
  escape-string-regexp@^1.0.2, escape-string-regexp@^1.0.5:
    version "1.0.5"
    resolved "https://registry.yarnpkg.com/escape-string-regexp/-/escape-string-regexp-1.0.5.tgz#1b61c0562190a8dff6ae3bb2cf0200ca130b86d4"
    integrity sha1-G2HAViGQqN/2rjuyzwIAyhMLhtQ=
  
  esutils@^2.0.0, esutils@^2.0.2:
    version "2.0.3"
    resolved "https://registry.yarnpkg.com/esutils/-/esutils-2.0.3.tgz#74d2eb4de0b8da1293711910d50775b9b710ef64"
    integrity sha512-kVscqXk4OCp68SZ0dkgEKVi6/8ij300KBWTJq32P/dYeWTSwK41WyTxalN1eRmA5Z9UU/LX9D7FWSmV9SAYx6g==
  
  find-cache-dir@^2.0.0:
    version "2.1.0"
    resolved "https://registry.yarnpkg.com/find-cache-dir/-/find-cache-dir-2.1.0.tgz#8d0f94cd13fe43c6c7c261a0d86115ca918c05f7"
    integrity sha512-Tq6PixE0w/VMFfCgbONnkiQIVol/JJL7nRMi20fqzA4NRs9AfeqMGeRdPi3wIhYkxjeBaWh2rxwapn5Tu3IqOQ==
    dependencies:
      commondir "^1.0.1"
      make-dir "^2.0.0"
      pkg-dir "^3.0.0"
  
  find-up@^3.0.0:
    version "3.0.0"
    resolved "https://registry.yarnpkg.com/find-up/-/find-up-3.0.0.tgz#49169f1d7993430646da61ecc5ae355c21c97b73"
    integrity sha512-1yD6RmLI1XBfxugvORwlck6f75tYL+iR0jqwsOrOxMZyGYqUuDhJ0l4AXdO1iX/FTs9cBAMEk1gWSEx1kSbylg==
    dependencies:
      locate-path "^3.0.0"
  
  function-bind@^1.1.1:
    version "1.1.1"
    resolved "https://registry.yarnpkg.com/function-bind/-/function-bind-1.1.1.tgz#a56899d3ea3c9bab874bb9773b7c5ede92f4895d"
    integrity sha512-yIovAzMX49sF8Yl58fSCWJ5svSLuaibPxXQJFLmBObTuCr0Mf1KiPopGM9NiFjiYBCbfaa2Fh6breQ6ANVTI0A==
  
  gensync@^1.0.0-beta.1:
    version "1.0.0-beta.1"
    resolved "https://registry.yarnpkg.com/gensync/-/gensync-1.0.0-beta.1.tgz#58f4361ff987e5ff6e1e7a210827aa371eaac269"
    integrity sha512-r8EC6NO1sngH/zdD9fiRDLdcgnbayXah+mLgManTaIZJqEC1MZstmnox8KpnI2/fxQwrp5OpCOYWLp4rBl4Jcg==
  
  globals@^11.1.0:
    version "11.12.0"
    resolved "https://registry.yarnpkg.com/globals/-/globals-11.12.0.tgz#ab8795338868a0babd8525758018c2a7eb95c42e"
    integrity sha512-WOBp/EEGUiIsJSp7wcv/y6MO+lV9UoncWqxuFfm8eBwzWNgyfBd6Gz+IeKQ9jCmyhoH99g15M3T+QaVHFjizVA==
  
  globals@^9.18.0:
    version "9.18.0"
    resolved "https://registry.yarnpkg.com/globals/-/globals-9.18.0.tgz#aa3896b3e69b487f17e31ed2143d69a8e30c2d8a"
    integrity sha512-S0nG3CLEQiY/ILxqtztTWH/3iRRdyBLw6KMDxnKMchrtbj2OFmehVh0WUCfW3DUrIgx/qFrJPICrq4Z4sTR9UQ==
  
  has-ansi@^2.0.0:
    version "2.0.0"
    resolved "https://registry.yarnpkg.com/has-ansi/-/has-ansi-2.0.0.tgz#34f5049ce1ecdf2b0649af3ef24e45ed35416d91"
    integrity sha1-NPUEnOHs3ysGSa8+8k5F7TVBbZE=
    dependencies:
      ansi-regex "^2.0.0"
  
  has-flag@^3.0.0:
    version "3.0.0"
    resolved "https://registry.yarnpkg.com/has-flag/-/has-flag-3.0.0.tgz#b5d454dc2199ae225699f3467e5a07f3b955bafd"
    integrity sha1-tdRU3CGZriJWmfNGfloH87lVuv0=
  
  has-symbols@^1.0.0:
    version "1.0.1"
    resolved "https://registry.yarnpkg.com/has-symbols/-/has-symbols-1.0.1.tgz#9f5214758a44196c406d9bd76cebf81ec2dd31e8"
    integrity sha512-PLcsoqu++dmEIZB+6totNFKq/7Do+Z0u4oT0zKOJNl3lYK6vGwwu2hjHs+68OEZbTjiUE9bgOABXbP/GvrS0Kg==
  
  home-or-tmp@^2.0.0:
    version "2.0.0"
    resolved "https://registry.yarnpkg.com/home-or-tmp/-/home-or-tmp-2.0.0.tgz#e36c3f2d2cae7d746a857e38d18d5f32a7882db8"
    integrity sha1-42w/LSyufXRqhX440Y1fMqeILbg=
    dependencies:
      os-homedir "^1.0.0"
      os-tmpdir "^1.0.1"
  
  import-fresh@^3.1.0:
    version "3.2.1"
    resolved "https://registry.yarnpkg.com/import-fresh/-/import-fresh-3.2.1.tgz#633ff618506e793af5ac91bf48b72677e15cbe66"
    integrity sha512-6e1q1cnWP2RXD9/keSkxHScg508CdXqXWgWBaETNhyuBFz+kUZlKboh+ISK+bU++DmbHimVBrOz/zzPe0sZ3sQ==
    dependencies:
      parent-module "^1.0.0"
      resolve-from "^4.0.0"
  
  invariant@^2.2.2, invariant@^2.2.4:
    version "2.2.4"
    resolved "https://registry.yarnpkg.com/invariant/-/invariant-2.2.4.tgz#610f3c92c9359ce1db616e538008d23ff35158e6"
    integrity sha512-phJfQVBuaJM5raOpJjSfkiD6BpbCE4Ns//LaXl6wGYtUBY83nWS6Rf9tXm2e8VaK60JEjYldbPif/A2B1C2gNA==
    dependencies:
      loose-envify "^1.0.0"
  
  is-arrayish@^0.2.1:
    version "0.2.1"
    resolved "https://registry.yarnpkg.com/is-arrayish/-/is-arrayish-0.2.1.tgz#77c99840527aa8ecb1a8ba697b80645a7a926a9d"
    integrity sha1-d8mYQFJ6qOyxqLppe4BkWnqSap0=
  
  is-finite@^1.0.0:
    version "1.1.0"
    resolved "https://registry.yarnpkg.com/is-finite/-/is-finite-1.1.0.tgz#904135c77fb42c0641d6aa1bcdbc4daa8da082f3"
    integrity sha512-cdyMtqX/BOqqNBBiKlIVkytNHm49MtMlYyn1zxzvJKWmFMlGzm+ry5BBfYyeY9YmNKbRSo/o7OX9w9ale0wg3w==
  
  "js-tokens@^3.0.0 || ^4.0.0", js-tokens@^4.0.0:
    version "4.0.0"
    resolved "https://registry.yarnpkg.com/js-tokens/-/js-tokens-4.0.0.tgz#19203fb59991df98e3a287050d4647cdeaf32499"
    integrity sha512-RdJUflcE3cUzKiMqQgsCu06FPu9UdIJO0beYbPhHN4k6apgJtifcoCtT9bcxOpYBtpD2kCM6Sbzg4CausW/PKQ==
  
  js-tokens@^3.0.2:
    version "3.0.2"
    resolved "https://registry.yarnpkg.com/js-tokens/-/js-tokens-3.0.2.tgz#9866df395102130e38f7f996bceb65443209c25b"
    integrity sha1-mGbfOVECEw449/mWvOtlRDIJwls=
  
  jsesc@^1.3.0:
    version "1.3.0"
    resolved "https://registry.yarnpkg.com/jsesc/-/jsesc-1.3.0.tgz#46c3fec8c1892b12b0833db9bc7622176dbab34b"
    integrity sha1-RsP+yMGJKxKwgz25vHYiF226s0s=
  
  jsesc@^2.5.1:
    version "2.5.2"
    resolved "https://registry.yarnpkg.com/jsesc/-/jsesc-2.5.2.tgz#80564d2e483dacf6e8ef209650a67df3f0c283a4"
    integrity sha512-OYu7XEzjkCQ3C5Ps3QIZsQfNpqoJyZZA99wd9aWd05NCtC5pWOkShK2mkL6HXQR6/Cy2lbNdPlZBpuQHXE63gA==
  
  jsesc@~0.5.0:
    version "0.5.0"
    resolved "https://registry.yarnpkg.com/jsesc/-/jsesc-0.5.0.tgz#e7dee66e35d6fc16f710fe91d5cf69f70f08911d"
    integrity sha1-597mbjXW/Bb3EP6R1c9p9w8IkR0=
  
  json-parse-better-errors@^1.0.1:
    version "1.0.2"
    resolved "https://registry.yarnpkg.com/json-parse-better-errors/-/json-parse-better-errors-1.0.2.tgz#bb867cfb3450e69107c131d1c514bab3dc8bcaa9"
    integrity sha512-mrqyZKfX5EhL7hvqcV6WG1yYjnjeuYDzDhhcAAUrq8Po85NBQBJP+ZDUT75qZQ98IkUoBqdkExkukOU7Ts2wrw==
  
  json5@^0.5.1:
    version "0.5.1"
    resolved "https://registry.yarnpkg.com/json5/-/json5-0.5.1.tgz#1eade7acc012034ad84e2396767ead9fa5495821"
    integrity sha1-Hq3nrMASA0rYTiOWdn6tn6VJWCE=
  
  json5@^1.0.1:
    version "1.0.1"
    resolved "https://registry.yarnpkg.com/json5/-/json5-1.0.1.tgz#779fb0018604fa854eacbf6252180d83543e3dbe"
    integrity sha512-aKS4WQjPenRxiQsC93MNfjx+nbF4PAdYzmd/1JIj8HYzqfbu86beTuNgXDzPknWk0n0uARlyewZo4s++ES36Ow==
    dependencies:
      minimist "^1.2.0"
  
  json5@^2.1.0:
    version "2.1.1"
    resolved "https://registry.yarnpkg.com/json5/-/json5-2.1.1.tgz#81b6cb04e9ba496f1c7005d07b4368a2638f90b6"
    integrity sha512-l+3HXD0GEI3huGq1njuqtzYK8OYJyXMkOLtQ53pjWh89tvWS2h6l+1zMkYWqlb57+SiQodKZyvMEFb2X+KrFhQ==
    dependencies:
      minimist "^1.2.0"
  
  leven@^3.1.0:
    version "3.1.0"
    resolved "https://registry.yarnpkg.com/leven/-/leven-3.1.0.tgz#77891de834064cccba82ae7842bb6b14a13ed7f2"
    integrity sha512-qsda+H8jTaUaN/x5vzW2rzc+8Rw4TAQ/4KjB46IwK5VH+IlVeeeje/EoZRpiXvIqjFgK84QffqPztGI3VBLG1A==
  
  levenary@^1.1.1:
    version "1.1.1"
    resolved "https://registry.yarnpkg.com/levenary/-/levenary-1.1.1.tgz#842a9ee98d2075aa7faeedbe32679e9205f46f77"
    integrity sha512-mkAdOIt79FD6irqjYSs4rdbnlT5vRonMEvBVPVb3XmevfS8kgRXwfes0dhPdEtzTWD/1eNE/Bm/G1iRt6DcnQQ==
    dependencies:
      leven "^3.1.0"
  
  lines-and-columns@^1.1.6:
    version "1.1.6"
    resolved "https://registry.yarnpkg.com/lines-and-columns/-/lines-and-columns-1.1.6.tgz#1c00c743b433cd0a4e80758f7b64a57440d9ff00"
    integrity sha1-HADHQ7QzzQpOgHWPe2SldEDZ/wA=
  
  loader-utils@^1.0.2:
    version "1.4.0"
    resolved "https://registry.yarnpkg.com/loader-utils/-/loader-utils-1.4.0.tgz#c579b5e34cb34b1a74edc6c1fb36bfa371d5a613"
    integrity sha512-qH0WSMBtn/oHuwjy/NucEgbx5dbxxnxup9s4PVXJUDHZBQY+s0NWA9rJf53RBnQZxfch7euUui7hpoAPvALZdA==
    dependencies:
      big.js "^5.2.2"
      emojis-list "^3.0.0"
      json5 "^1.0.1"
  
  locate-path@^3.0.0:
    version "3.0.0"
    resolved "https://registry.yarnpkg.com/locate-path/-/locate-path-3.0.0.tgz#dbec3b3ab759758071b58fe59fc41871af21400e"
    integrity sha512-7AO748wWnIhNqAuaty2ZWHkQHRSNfPVIsPIfwEOWO22AmaoVrWavlOcMR5nzTLNYvp36X220/maaRsrec1G65A==
    dependencies:
      p-locate "^3.0.0"
      path-exists "^3.0.0"
  
  lodash@^4.17.13, lodash@^4.17.4:
    version "4.17.15"
    resolved "https://registry.yarnpkg.com/lodash/-/lodash-4.17.15.tgz#b447f6670a0455bbfeedd11392eff330ea097548"
    integrity sha512-8xOcRHvCjnocdS5cpwXQXVzmmh5e5+saE2QGoeQmbKmRS6J3VQppPOIt0MnmE+4xlZoumy0GPG0D0MVIQbNA1A==
  
  loose-envify@^1.0.0, loose-envify@^1.1.0, loose-envify@^1.4.0:
    version "1.4.0"
    resolved "https://registry.yarnpkg.com/loose-envify/-/loose-envify-1.4.0.tgz#71ee51fa7be4caec1a63839f7e682d8132d30caf"
    integrity sha512-lyuxPGr/Wfhrlem2CL/UcnUc1zcqKAImBDzukY7Y5F/yQiNdko6+fRLevlw1HgMySw7f611UIY408EtxRSoK3Q==
    dependencies:
      js-tokens "^3.0.0 || ^4.0.0"
  
  make-dir@^2.0.0:
    version "2.1.0"
    resolved "https://registry.yarnpkg.com/make-dir/-/make-dir-2.1.0.tgz#5f0310e18b8be898cc07009295a30ae41e91e6f5"
    integrity sha512-LS9X+dc8KLxXCb8dni79fLIIUA5VyZoyjSMCwTluaXA0o27cCK0bhXkpgw+sTXVpPy/lSO57ilRixqk0vDmtRA==
    dependencies:
      pify "^4.0.1"
      semver "^5.6.0"
  
  minimatch@^3.0.4:
    version "3.0.4"
    resolved "https://registry.yarnpkg.com/minimatch/-/minimatch-3.0.4.tgz#5166e286457f03306064be5497e8dbb0c3d32083"
    integrity sha512-yJHVQEhyqPLUTgt9B83PXu6W3rx4MvvHvSUvToogpwoGDOUQ+yDrR0HRot+yOCdCO7u4hX3pWft6kWBBcqh0UA==
    dependencies:
      brace-expansion "^1.1.7"
  
  minimist@0.0.8:
    version "0.0.8"
    resolved "https://registry.yarnpkg.com/minimist/-/minimist-0.0.8.tgz#857fcabfc3397d2625b8228262e86aa7a011b05d"
    integrity sha1-hX/Kv8M5fSYluCKCYuhqp6ARsF0=
  
  minimist@^1.2.0:
    version "1.2.0"
    resolved "https://registry.yarnpkg.com/minimist/-/minimist-1.2.0.tgz#a35008b20f41383eec1fb914f4cd5df79a264284"
    integrity sha1-o1AIsg9BOD7sH7kU9M1d95omQoQ=
  
  mkdirp@^0.5.1:
    version "0.5.1"
    resolved "https://registry.yarnpkg.com/mkdirp/-/mkdirp-0.5.1.tgz#30057438eac6cf7f8c4767f38648d6697d75c903"
    integrity sha1-MAV0OOrGz3+MR2fzhkjWaX11yQM=
    dependencies:
      minimist "0.0.8"
  
  ms@2.0.0:
    version "2.0.0"
    resolved "https://registry.yarnpkg.com/ms/-/ms-2.0.0.tgz#5608aeadfc00be6c2901df5f9861788de0d597c8"
    integrity sha1-VgiurfwAvmwpAd9fmGF4jeDVl8g=
  
  ms@^2.1.1:
    version "2.1.2"
    resolved "https://registry.yarnpkg.com/ms/-/ms-2.1.2.tgz#d09d1f357b443f493382a8eb3ccd183872ae6009"
    integrity sha512-sGkPx+VjMtmA6MX27oA4FBFELFCZZ4S4XqeGOXCv68tT+jb3vk/RyaKWP0PTKyWtmLSM0b+adUTEvbs1PEaH2w==
  
  node-releases@^1.1.49:
    version "1.1.50"
    resolved "https://registry.yarnpkg.com/node-releases/-/node-releases-1.1.50.tgz#803c40d2c45db172d0410e4efec83aa8c6ad0592"
    integrity sha512-lgAmPv9eYZ0bGwUYAKlr8MG6K4CvWliWqnkcT2P8mMAgVrH3lqfBPorFlxiG1pHQnqmavJZ9vbMXUTNyMLbrgQ==
    dependencies:
      semver "^6.3.0"
  
  object-assign@^4.1.1:
    version "4.1.1"
    resolved "https://registry.yarnpkg.com/object-assign/-/object-assign-4.1.1.tgz#2109adc7965887cfc05cbbd442cac8bfbb360863"
    integrity sha1-IQmtx5ZYh8/AXLvUQsrIv7s2CGM=
  
  object-keys@^1.0.11, object-keys@^1.0.12:
    version "1.1.1"
    resolved "https://registry.yarnpkg.com/object-keys/-/object-keys-1.1.1.tgz#1c47f272df277f3b1daf061677d9c82e2322c60e"
    integrity sha512-NuAESUOUMrlIXOfHKzD6bpPu3tYt3xvjNdRIQ+FeT0lNb4K8WR70CaDxhuNguS2XG+GjkyMwOzsN5ZktImfhLA==
  
  object.assign@^4.1.0:
    version "4.1.0"
    resolved "https://registry.yarnpkg.com/object.assign/-/object.assign-4.1.0.tgz#968bf1100d7956bb3ca086f006f846b3bc4008da"
    integrity sha512-exHJeq6kBKj58mqGyTQ9DFvrZC/eR6OwxzoM9YRoGBqrXYonaFyGiFMuc9VZrXf7DarreEwMpurG3dd+CNyW5w==
    dependencies:
      define-properties "^1.1.2"
      function-bind "^1.1.1"
      has-symbols "^1.0.0"
      object-keys "^1.0.11"
  
  os-homedir@^1.0.0:
    version "1.0.2"
    resolved "https://registry.yarnpkg.com/os-homedir/-/os-homedir-1.0.2.tgz#ffbc4988336e0e833de0c168c7ef152121aa7fb3"
    integrity sha1-/7xJiDNuDoM94MFox+8VISGqf7M=
  
  os-tmpdir@^1.0.1:
    version "1.0.2"
    resolved "https://registry.yarnpkg.com/os-tmpdir/-/os-tmpdir-1.0.2.tgz#bbe67406c79aa85c5cfec766fe5734555dfa1274"
    integrity sha1-u+Z0BseaqFxc/sdm/lc0VV36EnQ=
  
  p-limit@^2.0.0:
    version "2.2.2"
    resolved "https://registry.yarnpkg.com/p-limit/-/p-limit-2.2.2.tgz#61279b67721f5287aa1c13a9a7fbbc48c9291b1e"
    integrity sha512-WGR+xHecKTr7EbUEhyLSh5Dube9JtdiG78ufaeLxTgpudf/20KqyMioIUZJAezlTIi6evxuoUs9YXc11cU+yzQ==
    dependencies:
      p-try "^2.0.0"
  
  p-locate@^3.0.0:
    version "3.0.0"
    resolved "https://registry.yarnpkg.com/p-locate/-/p-locate-3.0.0.tgz#322d69a05c0264b25997d9f40cd8a891ab0064a4"
    integrity sha512-x+12w/To+4GFfgJhBEpiDcLozRJGegY+Ei7/z0tSLkMmxGZNybVMSfWj9aJn8Z5Fc7dBUNJOOVgPv2H7IwulSQ==
    dependencies:
      p-limit "^2.0.0"
  
  p-try@^2.0.0:
    version "2.2.0"
    resolved "https://registry.yarnpkg.com/p-try/-/p-try-2.2.0.tgz#cb2868540e313d61de58fafbe35ce9004d5540e6"
    integrity sha512-R4nPAVTAU0B9D35/Gk3uJf/7XYbQcyohSKdvAxIRSNghFl4e71hVoGnBNQz9cWaXxO2I10KTC+3jMdvvoKw6dQ==
  
  parent-module@^1.0.0:
    version "1.0.1"
    resolved "https://registry.yarnpkg.com/parent-module/-/parent-module-1.0.1.tgz#691d2709e78c79fae3a156622452d00762caaaa2"
    integrity sha512-GQ2EWRpQV8/o+Aw8YqtfZZPfNRWZYkbidE9k5rpl/hC3vtHHBfGm2Ifi6qWV+coDGkrUKZAxE3Lot5kcsRlh+g==
    dependencies:
      callsites "^3.0.0"
  
  parse-json@^5.0.0:
    version "5.0.0"
    resolved "https://registry.yarnpkg.com/parse-json/-/parse-json-5.0.0.tgz#73e5114c986d143efa3712d4ea24db9a4266f60f"
    integrity sha512-OOY5b7PAEFV0E2Fir1KOkxchnZNCdowAJgQ5NuxjpBKTRP3pQhwkrkxqQjeoKJ+fO7bCpmIZaogI4eZGDMEGOw==
    dependencies:
      "@babel/code-frame" "^7.0.0"
      error-ex "^1.3.1"
      json-parse-better-errors "^1.0.1"
      lines-and-columns "^1.1.6"
  
  path-exists@^3.0.0:
    version "3.0.0"
    resolved "https://registry.yarnpkg.com/path-exists/-/path-exists-3.0.0.tgz#ce0ebeaa5f78cb18925ea7d810d7b59b010fd515"
    integrity sha1-zg6+ql94yxiSXqfYENe1mwEP1RU=
  
  path-is-absolute@^1.0.1:
    version "1.0.1"
    resolved "https://registry.yarnpkg.com/path-is-absolute/-/path-is-absolute-1.0.1.tgz#174b9268735534ffbc7ace6bf53a5a9e1b5c5f5f"
    integrity sha1-F0uSaHNVNP+8es5r9TpanhtcX18=
  
  path-parse@^1.0.6:
    version "1.0.6"
    resolved "https://registry.yarnpkg.com/path-parse/-/path-parse-1.0.6.tgz#d62dbb5679405d72c4737ec58600e9ddcf06d24c"
    integrity sha512-GSmOT2EbHrINBf9SR7CDELwlJ8AENk3Qn7OikK4nFYAu3Ote2+JYNVvkpAEQm3/TLNEJFD/xZJjzyxg3KBWOzw==
  
  path-type@^4.0.0:
    version "4.0.0"
    resolved "https://registry.yarnpkg.com/path-type/-/path-type-4.0.0.tgz#84ed01c0a7ba380afe09d90a8c180dcd9d03043b"
    integrity sha512-gDKb8aZMDeD/tZWs9P6+q0J9Mwkdl6xMV8TjnGP3qJVJ06bdMgkbBlLU8IdfOsIsFz2BW1rNVT3XuNEl8zPAvw==
  
  pify@^4.0.1:
    version "4.0.1"
    resolved "https://registry.yarnpkg.com/pify/-/pify-4.0.1.tgz#4b2cd25c50d598735c50292224fd8c6df41e3231"
    integrity sha512-uB80kBFb/tfd68bVleG9T5GGsGPjJrLAUpR5PZIrhBnIaRTQRjqdJSsIKkOP6OAIFbj7GOrcudc5pNjZ+geV2g==
  
  pkg-dir@^3.0.0:
    version "3.0.0"
    resolved "https://registry.yarnpkg.com/pkg-dir/-/pkg-dir-3.0.0.tgz#2749020f239ed990881b1f71210d51eb6523bea3"
    integrity sha512-/E57AYkoeQ25qkxMj5PBOVgF8Kiu/h7cYS30Z5+R7WaiCCBfLq58ZI/dSeaEKb9WVJV5n/03QwrN3IeWIFllvw==
    dependencies:
      find-up "^3.0.0"
  
  private@^0.1.6, private@^0.1.8:
    version "0.1.8"
    resolved "https://registry.yarnpkg.com/private/-/private-0.1.8.tgz#2381edb3689f7a53d653190060fcf822d2f368ff"
    integrity sha512-VvivMrbvd2nKkiG38qjULzlc+4Vx4wm/whI9pQD35YrARNnhxeiRktSOhSukRLFNlzg6Br/cJPet5J/u19r/mg==
  
  prop-types@^15.6.2:
    version "15.7.2"
    resolved "https://registry.yarnpkg.com/prop-types/-/prop-types-15.7.2.tgz#52c41e75b8c87e72b9d9360e0206b99dcbffa6c5"
    integrity sha512-8QQikdH7//R2vurIJSutZ1smHYTcLpRWEOlHnzcWHmBYrOGUysKwSsrC89BCiFj3CbrfJ/nXFdJepOVrY1GCHQ==
    dependencies:
      loose-envify "^1.4.0"
      object-assign "^4.1.1"
      react-is "^16.8.1"
  
  react-dom@^16.12.0:
    version "16.12.0"
    resolved "https://registry.yarnpkg.com/react-dom/-/react-dom-16.12.0.tgz#0da4b714b8d13c2038c9396b54a92baea633fe11"
    integrity sha512-LMxFfAGrcS3kETtQaCkTKjMiifahaMySFDn71fZUNpPHZQEzmk/GiAeIT8JSOrHB23fnuCOMruL2a8NYlw+8Gw==
    dependencies:
      loose-envify "^1.1.0"
      object-assign "^4.1.1"
      prop-types "^15.6.2"
      scheduler "^0.18.0"
  
  react-is@^16.8.1:
    version "16.12.0"
    resolved "https://registry.yarnpkg.com/react-is/-/react-is-16.12.0.tgz#2cc0fe0fba742d97fd527c42a13bec4eeb06241c"
    integrity sha512-rPCkf/mWBtKc97aLL9/txD8DZdemK0vkA3JMLShjlJB3Pj3s+lpf1KaBzMfQrAmhMQB0n1cU/SUGgKKBCe837Q==
  
  react@^16.12.0:
    version "16.12.0"
    resolved "https://registry.yarnpkg.com/react/-/react-16.12.0.tgz#0c0a9c6a142429e3614834d5a778e18aa78a0b83"
    integrity sha512-fglqy3k5E+81pA8s+7K0/T3DBCF0ZDOher1elBFzF7O6arXJgzyu/FW+COxFvAWXJoJN9KIZbT2LXlukwphYTA==
    dependencies:
      loose-envify "^1.1.0"
      object-assign "^4.1.1"
      prop-types "^15.6.2"
  
  regenerate-unicode-properties@^8.1.0:
    version "8.1.0"
    resolved "https://registry.yarnpkg.com/regenerate-unicode-properties/-/regenerate-unicode-properties-8.1.0.tgz#ef51e0f0ea4ad424b77bf7cb41f3e015c70a3f0e"
    integrity sha512-LGZzkgtLY79GeXLm8Dp0BVLdQlWICzBnJz/ipWUgo59qBaZ+BHtq51P2q1uVZlppMuUAT37SDk39qUbjTWB7bA==
    dependencies:
      regenerate "^1.4.0"
  
  regenerate@^1.4.0:
    version "1.4.0"
    resolved "https://registry.yarnpkg.com/regenerate/-/regenerate-1.4.0.tgz#4a856ec4b56e4077c557589cae85e7a4c8869a11"
    integrity sha512-1G6jJVDWrt0rK99kBjvEtziZNCICAuvIPkSiUFIQxVP06RCVpq3dmDo2oi6ABpYaDYaTRr67BEhL8r1wgEZZKg==
  
  regenerator-runtime@^0.11.0:
    version "0.11.1"
    resolved "https://registry.yarnpkg.com/regenerator-runtime/-/regenerator-runtime-0.11.1.tgz#be05ad7f9bf7d22e056f9726cee5017fbf19e2e9"
    integrity sha512-MguG95oij0fC3QV3URf4V2SDYGJhJnJGqvIIgdECeODCT98wSWDAJ94SSuVpYQUoTcGUIL6L4yNB7j1DFFHSBg==
  
  regenerator-runtime@^0.13.2:
    version "0.13.3"
    resolved "https://registry.yarnpkg.com/regenerator-runtime/-/regenerator-runtime-0.13.3.tgz#7cf6a77d8f5c6f60eb73c5fc1955b2ceb01e6bf5"
    integrity sha512-naKIZz2GQ8JWh///G7L3X6LaQUAMp2lvb1rvwwsURe/VXwD6VMfr+/1NuNw3ag8v2kY1aQ/go5SNn79O9JU7yw==
  
  regenerator-transform@^0.14.0:
    version "0.14.1"
    resolved "https://registry.yarnpkg.com/regenerator-transform/-/regenerator-transform-0.14.1.tgz#3b2fce4e1ab7732c08f665dfdb314749c7ddd2fb"
    integrity sha512-flVuee02C3FKRISbxhXl9mGzdbWUVHubl1SMaknjxkFB1/iqpJhArQUvRxOOPEc/9tAiX0BaQ28FJH10E4isSQ==
    dependencies:
      private "^0.1.6"
  
  regexpu-core@^4.6.0:
    version "4.6.0"
    resolved "https://registry.yarnpkg.com/regexpu-core/-/regexpu-core-4.6.0.tgz#2037c18b327cfce8a6fea2a4ec441f2432afb8b6"
    integrity sha512-YlVaefl8P5BnFYOITTNzDvan1ulLOiXJzCNZxduTIosN17b87h3bvG9yHMoHaRuo88H4mQ06Aodj5VtYGGGiTg==
    dependencies:
      regenerate "^1.4.0"
      regenerate-unicode-properties "^8.1.0"
      regjsgen "^0.5.0"
      regjsparser "^0.6.0"
      unicode-match-property-ecmascript "^1.0.4"
      unicode-match-property-value-ecmascript "^1.1.0"
  
  regjsgen@^0.5.0:
    version "0.5.1"
    resolved "https://registry.yarnpkg.com/regjsgen/-/regjsgen-0.5.1.tgz#48f0bf1a5ea205196929c0d9798b42d1ed98443c"
    integrity sha512-5qxzGZjDs9w4tzT3TPhCJqWdCc3RLYwy9J2NB0nm5Lz+S273lvWcpjaTGHsT1dc6Hhfq41uSEOw8wBmxrKOuyg==
  
  regjsparser@^0.6.0:
    version "0.6.3"
    resolved "https://registry.yarnpkg.com/regjsparser/-/regjsparser-0.6.3.tgz#74192c5805d35e9f5ebe3c1fb5b40d40a8a38460"
    integrity sha512-8uZvYbnfAtEm9Ab8NTb3hdLwL4g/LQzEYP7Xs27T96abJCCE2d6r3cPZPQEsLKy0vRSGVNG+/zVGtLr86HQduA==
    dependencies:
      jsesc "~0.5.0"
  
  repeating@^2.0.0:
    version "2.0.1"
    resolved "https://registry.yarnpkg.com/repeating/-/repeating-2.0.1.tgz#5214c53a926d3552707527fbab415dbc08d06dda"
    integrity sha1-UhTFOpJtNVJwdSf7q0FdvAjQbdo=
    dependencies:
      is-finite "^1.0.0"
  
  resolve-from@^4.0.0:
    version "4.0.0"
    resolved "https://registry.yarnpkg.com/resolve-from/-/resolve-from-4.0.0.tgz#4abcd852ad32dd7baabfe9b40e00a36db5f392e6"
    integrity sha512-pb/MYmXstAkysRFx8piNI1tGFNQIFA3vkE3Gq4EuA1dF6gHp/+vgZqsCGJapvy8N3Q+4o7FwvquPJcnZ7RYy4g==
  
  resolve@^1.12.0, resolve@^1.3.2, resolve@^1.8.1:
    version "1.15.1"
    resolved "https://registry.yarnpkg.com/resolve/-/resolve-1.15.1.tgz#27bdcdeffeaf2d6244b95bb0f9f4b4653451f3e8"
    integrity sha512-84oo6ZTtoTUpjgNEr5SJyzQhzL72gaRodsSfyxC/AXRvwu0Yse9H8eF9IpGo7b8YetZhlI6v7ZQ6bKBFV/6S7w==
    dependencies:
      path-parse "^1.0.6"
  
  safe-buffer@~5.1.1:
    version "5.1.2"
    resolved "https://registry.yarnpkg.com/safe-buffer/-/safe-buffer-5.1.2.tgz#991ec69d296e0313747d59bdfd2b745c35f8828d"
    integrity sha512-Gd2UZBJDkXlY7GbJxfsE8/nvKkUEU1G38c1siN6QP6a9PT9MmHB8GnpscSmMJSoF8LOIrt8ud/wPtojys4G6+g==
  
  scheduler@^0.18.0:
    version "0.18.0"
    resolved "https://registry.yarnpkg.com/scheduler/-/scheduler-0.18.0.tgz#5901ad6659bc1d8f3fdaf36eb7a67b0d6746b1c4"
    integrity sha512-agTSHR1Nbfi6ulI0kYNK0203joW2Y5W4po4l+v03tOoiJKpTBbxpNhWDvqc/4IcOw+KLmSiQLTasZ4cab2/UWQ==
    dependencies:
      loose-envify "^1.1.0"
      object-assign "^4.1.1"
  
  semver@7.0.0:
    version "7.0.0"
    resolved "https://registry.yarnpkg.com/semver/-/semver-7.0.0.tgz#5f3ca35761e47e05b206c6daff2cf814f0316b8e"
    integrity sha512-+GB6zVA9LWh6zovYQLALHwv5rb2PHGlJi3lfiqIHxR0uuwCgefcOJc59v9fv1w8GbStwxuuqqAjI9NMAOOgq1A==
  
  semver@^5.4.1, semver@^5.5.0, semver@^5.5.1, semver@^5.6.0:
    version "5.7.1"
    resolved "https://registry.yarnpkg.com/semver/-/semver-5.7.1.tgz#a954f931aeba508d307bbf069eff0c01c96116f7"
    integrity sha512-sauaDf/PZdVgrLTNYHRtpXa1iRiKcaebiKQ1BJdpQlWH2lCvexQdX55snPFyK7QzpudqbCI0qXFfOasHdyNDGQ==
  
  semver@^6.3.0:
    version "6.3.0"
    resolved "https://registry.yarnpkg.com/semver/-/semver-6.3.0.tgz#ee0a64c8af5e8ceea67687b133761e1becbd1d3d"
    integrity sha512-b39TBaTSfV6yBrapU89p5fKekE2m/NwnDocOVruQFS1/veMgdzuPcnOM34M6CwxW8jH/lxEa5rBoDeUwu5HHTw==
  
  slash@^1.0.0:
    version "1.0.0"
    resolved "https://registry.yarnpkg.com/slash/-/slash-1.0.0.tgz#c41f2f6c39fc16d1cd17ad4b5d896114ae470d55"
    integrity sha1-xB8vbDn8FtHNF61LXYlhFK5HDVU=
  
  source-map-support@^0.4.15:
    version "0.4.18"
    resolved "https://registry.yarnpkg.com/source-map-support/-/source-map-support-0.4.18.tgz#0286a6de8be42641338594e97ccea75f0a2c585f"
    integrity sha512-try0/JqxPLF9nOjvSta7tVondkP5dwgyLDjVoyMDlmjugT2lRZ1OfsrYTkCd2hkDnJTKRbO/Rl3orm8vlsUzbA==
    dependencies:
      source-map "^0.5.6"
  
  source-map@^0.5.0, source-map@^0.5.6, source-map@^0.5.7:
    version "0.5.7"
    resolved "https://registry.yarnpkg.com/source-map/-/source-map-0.5.7.tgz#8a039d2d1021d22d1ea14c80d8ea468ba2ef3fcc"
    integrity sha1-igOdLRAh0i0eoUyA2OpGi6LvP8w=
  
  strip-ansi@^3.0.0:
    version "3.0.1"
    resolved "https://registry.yarnpkg.com/strip-ansi/-/strip-ansi-3.0.1.tgz#6a385fb8853d952d5ff05d0e8aaf94278dc63dcf"
    integrity sha1-ajhfuIU9lS1f8F0Oiq+UJ43GPc8=
    dependencies:
      ansi-regex "^2.0.0"
  
  supports-color@^2.0.0:
    version "2.0.0"
    resolved "https://registry.yarnpkg.com/supports-color/-/supports-color-2.0.0.tgz#535d045ce6b6363fa40117084629995e9df324c7"
    integrity sha1-U10EXOa2Nj+kARcIRimZXp3zJMc=
  
  supports-color@^5.3.0:
    version "5.5.0"
    resolved "https://registry.yarnpkg.com/supports-color/-/supports-color-5.5.0.tgz#e2e69a44ac8772f78a1ec0b35b689df6530efc8f"
    integrity sha512-QjVjwdXIt408MIiAqCX4oUKsgU2EqAGzs2Ppkm4aQYbjm+ZEWEcW4SfFNTr4uMNZma0ey4f5lgLrkB0aX0QMow==
    dependencies:
      has-flag "^3.0.0"
  
  to-fast-properties@^1.0.3:
    version "1.0.3"
    resolved "https://registry.yarnpkg.com/to-fast-properties/-/to-fast-properties-1.0.3.tgz#b83571fa4d8c25b82e231b06e3a3055de4ca1a47"
    integrity sha1-uDVx+k2MJbguIxsG46MFXeTKGkc=
  
  to-fast-properties@^2.0.0:
    version "2.0.0"
    resolved "https://registry.yarnpkg.com/to-fast-properties/-/to-fast-properties-2.0.0.tgz#dc5e698cbd079265bc73e0377681a4e4e83f616e"
    integrity sha1-3F5pjL0HkmW8c+A3doGk5Og/YW4=
  
  trim-right@^1.0.1:
    version "1.0.1"
    resolved "https://registry.yarnpkg.com/trim-right/-/trim-right-1.0.1.tgz#cb2e1203067e0c8de1f614094b9fe45704ea6003"
    integrity sha1-yy4SAwZ+DI3h9hQJS5/kVwTqYAM=
  
  unicode-canonical-property-names-ecmascript@^1.0.4:
    version "1.0.4"
    resolved "https://registry.yarnpkg.com/unicode-canonical-property-names-ecmascript/-/unicode-canonical-property-names-ecmascript-1.0.4.tgz#2619800c4c825800efdd8343af7dd9933cbe2818"
    integrity sha512-jDrNnXWHd4oHiTZnx/ZG7gtUTVp+gCcTTKr8L0HjlwphROEW3+Him+IpvC+xcJEFegapiMZyZe02CyuOnRmbnQ==
  
  unicode-match-property-ecmascript@^1.0.4:
    version "1.0.4"
    resolved "https://registry.yarnpkg.com/unicode-match-property-ecmascript/-/unicode-match-property-ecmascript-1.0.4.tgz#8ed2a32569961bce9227d09cd3ffbb8fed5f020c"
    integrity sha512-L4Qoh15vTfntsn4P1zqnHulG0LdXgjSO035fEpdtp6YxXhMT51Q6vgM5lYdG/5X3MjS+k/Y9Xw4SFCY9IkR0rg==
    dependencies:
      unicode-canonical-property-names-ecmascript "^1.0.4"
      unicode-property-aliases-ecmascript "^1.0.4"
  
  unicode-match-property-value-ecmascript@^1.1.0:
    version "1.1.0"
    resolved "https://registry.yarnpkg.com/unicode-match-property-value-ecmascript/-/unicode-match-property-value-ecmascript-1.1.0.tgz#5b4b426e08d13a80365e0d657ac7a6c1ec46a277"
    integrity sha512-hDTHvaBk3RmFzvSl0UVrUmC3PuW9wKVnpoUDYH0JDkSIovzw+J5viQmeYHxVSBptubnr7PbH2e0fnpDRQnQl5g==
  
  unicode-property-aliases-ecmascript@^1.0.4:
    version "1.0.5"
    resolved "https://registry.yarnpkg.com/unicode-property-aliases-ecmascript/-/unicode-property-aliases-ecmascript-1.0.5.tgz#a9cc6cc7ce63a0a3023fc99e341b94431d405a57"
    integrity sha512-L5RAqCfXqAwR3RriF8pM0lU0w4Ryf/GgzONwi6KnL1taJQa7x1TCxdJnILX59WIGOwR57IVxn7Nej0fz1Ny6fw==
  
  yaml@^1.7.2:
    version "1.7.2"
    resolved "https://registry.yarnpkg.com/yaml/-/yaml-1.7.2.tgz#f26aabf738590ab61efaca502358e48dc9f348b2"
    integrity sha512-qXROVp90sb83XtAoqE8bP9RwAkTTZbugRUTm5YeFCBfNRPEp2YzTeqWiz7m5OORHzEvrA/qcGS8hp/E+MMROYw==
    dependencies:
      "@babel/runtime" "^7.6.3"
